{
    "C:\\Users\\zarch\\Documents\\projects\\Link-Analyzer-Editor\\src\\App.svelte": {
        "path": "C:\\Users\\zarch\\Documents\\projects\\Link-Analyzer-Editor\\src\\App.svelte",
        "all": false,
        "statementMap": {
            "0": { "start": { "line": 1, "column": 0 }, "end": { "line": 1, "column": 8 } },
            "6": { "start": { "line": 7, "column": 0 }, "end": { "line": 7, "column": 22 } },
            "7": { "start": { "line": 8, "column": 0 }, "end": { "line": 8, "column": 24 } },
            "12": { "start": { "line": 13, "column": 0 }, "end": { "line": 13, "column": 48 } },
            "15": { "start": { "line": 16, "column": 0 }, "end": { "line": 16, "column": 27 } },
            "16": { "start": { "line": 17, "column": 0 }, "end": { "line": 17, "column": 31 } },
            "18": { "start": { "line": 19, "column": 0 }, "end": { "line": 19, "column": 29 } }
        },
        "s": { "0": 1, "6": 1, "7": 1, "12": 1, "15": 1, "16": 1, "18": 1 },
        "branchMap": {
            "0": {
                "type": "branch",
                "line": 1,
                "loc": { "start": { "line": 1, "column": 0 }, "end": { "line": 1, "column": 8 } },
                "locations": [{ "start": { "line": 1, "column": 0 }, "end": { "line": 1, "column": 8 } }]
            },
            "1": {
                "type": "branch",
                "line": 1,
                "loc": { "start": { "line": 1, "column": 0 }, "end": { "line": 1, "column": 8 } },
                "locations": [{ "start": { "line": 1, "column": 0 }, "end": { "line": 1, "column": 8 } }]
            },
            "2": {
                "type": "branch",
                "line": 13,
                "loc": { "start": { "line": 13, "column": 24 }, "end": { "line": 13, "column": 41 } },
                "locations": [{ "start": { "line": 13, "column": 24 }, "end": { "line": 13, "column": 41 } }]
            },
            "3": {
                "type": "branch",
                "line": 13,
                "loc": { "start": { "line": 13, "column": 41 }, "end": { "line": 13, "column": 48 } },
                "locations": [{ "start": { "line": 13, "column": 41 }, "end": { "line": 13, "column": 48 } }]
            },
            "4": {
                "type": "branch",
                "line": 16,
                "loc": { "start": { "line": 16, "column": 26 }, "end": { "line": 16, "column": 27 } },
                "locations": [{ "start": { "line": 16, "column": 26 }, "end": { "line": 16, "column": 27 } }]
            }
        },
        "b": { "0": [1], "1": [1], "2": [1], "3": [1], "4": [0] },
        "fnMap": {},
        "f": {}
    },
    "C:\\Users\\zarch\\Documents\\projects\\Link-Analyzer-Editor\\src\\main.js": {
        "path": "C:\\Users\\zarch\\Documents\\projects\\Link-Analyzer-Editor\\src\\main.js",
        "all": true,
        "statementMap": {
            "0": { "start": { "line": 1, "column": 0 }, "end": { "line": 1, "column": 31 } },
            "1": { "start": { "line": 2, "column": 0 }, "end": { "line": 2, "column": 19 } },
            "2": { "start": { "line": 3, "column": 0 }, "end": { "line": 3, "column": 31 } },
            "3": { "start": { "line": 4, "column": 0 }, "end": { "line": 4, "column": 0 } },
            "4": { "start": { "line": 5, "column": 0 }, "end": { "line": 5, "column": 24 } },
            "5": { "start": { "line": 6, "column": 0 }, "end": { "line": 6, "column": 43 } },
            "6": { "start": { "line": 7, "column": 0 }, "end": { "line": 7, "column": 3 } },
            "7": { "start": { "line": 8, "column": 0 }, "end": { "line": 8, "column": 0 } },
            "8": { "start": { "line": 9, "column": 0 }, "end": { "line": 9, "column": 19 } }
        },
        "s": { "0": 0, "1": 0, "2": 0, "3": 0, "4": 0, "5": 0, "6": 0, "7": 0, "8": 0 },
        "branchMap": {
            "0": {
                "type": "branch",
                "line": 1,
                "loc": { "start": { "line": 1, "column": 0 }, "end": { "line": 9, "column": -115 } },
                "locations": [{ "start": { "line": 1, "column": 0 }, "end": { "line": 9, "column": -115 } }]
            }
        },
        "b": { "0": [0] },
        "fnMap": {
            "0": {
                "name": "(empty-report)",
                "decl": { "start": { "line": 1, "column": 0 }, "end": { "line": 9, "column": -115 } },
                "loc": { "start": { "line": 1, "column": 0 }, "end": { "line": 9, "column": -115 } },
                "line": 1
            }
        },
        "f": { "0": 0 }
    },
    "C:\\Users\\zarch\\Documents\\projects\\Link-Analyzer-Editor\\src\\component\\SideBar.svelte": {
        "path": "C:\\Users\\zarch\\Documents\\projects\\Link-Analyzer-Editor\\src\\component\\SideBar.svelte",
        "all": false,
        "statementMap": {
            "0": { "start": { "line": 1, "column": 0 }, "end": { "line": 1, "column": 8 } },
            "5": { "start": { "line": 6, "column": 0 }, "end": { "line": 6, "column": 60 } },
            "6": { "start": { "line": 7, "column": 0 }, "end": { "line": 7, "column": 35 } },
            "8": { "start": { "line": 9, "column": 0 }, "end": { "line": 9, "column": 29 } },
            "9": { "start": { "line": 10, "column": 0 }, "end": { "line": 10, "column": 37 } },
            "10": { "start": { "line": 11, "column": 0 }, "end": { "line": 11, "column": 129 } },
            "12": { "start": { "line": 13, "column": 0 }, "end": { "line": 13, "column": 9 } },
            "14": { "start": { "line": 15, "column": 0 }, "end": { "line": 15, "column": 18 } },
            "15": { "start": { "line": 16, "column": 0 }, "end": { "line": 16, "column": 16 } },
            "16": { "start": { "line": 17, "column": 0 }, "end": { "line": 17, "column": 34 } },
            "18": { "start": { "line": 19, "column": 0 }, "end": { "line": 19, "column": 61 } },
            "19": { "start": { "line": 20, "column": 0 }, "end": { "line": 20, "column": 34 } },
            "20": { "start": { "line": 21, "column": 0 }, "end": { "line": 21, "column": 31 } },
            "23": { "start": { "line": 24, "column": 0 }, "end": { "line": 24, "column": 59 } },
            "24": { "start": { "line": 25, "column": 0 }, "end": { "line": 25, "column": 30 } },
            "25": { "start": { "line": 26, "column": 0 }, "end": { "line": 26, "column": 19 } },
            "27": { "start": { "line": 28, "column": 0 }, "end": { "line": 28, "column": 93 } },
            "28": { "start": { "line": 29, "column": 0 }, "end": { "line": 29, "column": 26 } },
            "29": { "start": { "line": 30, "column": 0 }, "end": { "line": 30, "column": 37 } },
            "30": { "start": { "line": 31, "column": 0 }, "end": { "line": 31, "column": 102 } },
            "31": { "start": { "line": 32, "column": 0 }, "end": { "line": 32, "column": 13 } },
            "32": { "start": { "line": 33, "column": 0 }, "end": { "line": 33, "column": 14 } },
            "33": { "start": { "line": 34, "column": 0 }, "end": { "line": 34, "column": 25 } },
            "34": { "start": { "line": 35, "column": 0 }, "end": { "line": 35, "column": 24 } },
            "35": { "start": { "line": 36, "column": 0 }, "end": { "line": 36, "column": 93 } },
            "36": { "start": { "line": 37, "column": 0 }, "end": { "line": 37, "column": 9 } },
            "37": { "start": { "line": 38, "column": 0 }, "end": { "line": 38, "column": 27 } },
            "38": { "start": { "line": 39, "column": 0 }, "end": { "line": 39, "column": 5 } },
            "49": { "start": { "line": 50, "column": 0 }, "end": { "line": 50, "column": 213 } },
            "50": { "start": { "line": 51, "column": 0 }, "end": { "line": 51, "column": 38 } },
            "52": { "start": { "line": 53, "column": 0 }, "end": { "line": 53, "column": 33 } },
            "63": { "start": { "line": 64, "column": 0 }, "end": { "line": 64, "column": 142 } },
            "70": { "start": { "line": 71, "column": 0 }, "end": { "line": 71, "column": 150 } }
        },
        "s": {
            "0": 1,
            "5": 1,
            "6": 1,
            "8": 1,
            "9": 3,
            "10": 1,
            "12": 1,
            "14": 3,
            "15": 1,
            "16": 1,
            "18": 1,
            "19": 0,
            "20": 0,
            "23": 0,
            "24": 0,
            "25": 0,
            "27": 0,
            "28": 1,
            "29": 1,
            "30": 1,
            "31": 1,
            "32": 1,
            "33": 1,
            "34": 1,
            "35": 1,
            "36": 1,
            "37": 2,
            "38": 2,
            "49": 1,
            "50": 1,
            "52": 1,
            "63": 1,
            "70": 1
        },
        "branchMap": {
            "0": {
                "type": "branch",
                "line": 1,
                "loc": { "start": { "line": 1, "column": 0 }, "end": { "line": 1, "column": 8 } },
                "locations": [{ "start": { "line": 1, "column": 0 }, "end": { "line": 1, "column": 8 } }]
            },
            "1": {
                "type": "branch",
                "line": 1,
                "loc": { "start": { "line": 1, "column": 0 }, "end": { "line": 1, "column": 8 } },
                "locations": [{ "start": { "line": 1, "column": 0 }, "end": { "line": 1, "column": 8 } }]
            },
            "2": {
                "type": "branch",
                "line": 71,
                "loc": { "start": { "line": 71, "column": 132 }, "end": { "line": 71, "column": 150 } },
                "locations": [{ "start": { "line": 71, "column": 132 }, "end": { "line": 71, "column": 150 } }]
            },
            "3": {
                "type": "branch",
                "line": 9,
                "loc": { "start": { "line": 9, "column": 19 }, "end": { "line": 39, "column": 5 } },
                "locations": [{ "start": { "line": 9, "column": 19 }, "end": { "line": 39, "column": 5 } }]
            },
            "4": {
                "type": "branch",
                "line": 10,
                "loc": { "start": { "line": 10, "column": 36 }, "end": { "line": 13, "column": 9 } },
                "locations": [{ "start": { "line": 10, "column": 36 }, "end": { "line": 13, "column": 9 } }]
            },
            "5": {
                "type": "branch",
                "line": 13,
                "loc": { "start": { "line": 13, "column": 8 }, "end": { "line": 15, "column": 17 } },
                "locations": [{ "start": { "line": 13, "column": 8 }, "end": { "line": 15, "column": 17 } }]
            },
            "6": {
                "type": "branch",
                "line": 15,
                "loc": { "start": { "line": 15, "column": 17 }, "end": { "line": 37, "column": 9 } },
                "locations": [{ "start": { "line": 15, "column": 17 }, "end": { "line": 37, "column": 9 } }]
            },
            "7": {
                "type": "branch",
                "line": 19,
                "loc": { "start": { "line": 19, "column": 58 }, "end": { "line": 29, "column": 19 } },
                "locations": [{ "start": { "line": 19, "column": 58 }, "end": { "line": 29, "column": 19 } }]
            },
            "8": {
                "type": "branch",
                "line": 37,
                "loc": { "start": { "line": 37, "column": 8 }, "end": { "line": 39, "column": 5 } },
                "locations": [{ "start": { "line": 37, "column": 8 }, "end": { "line": 39, "column": 5 } }]
            },
            "9": {
                "type": "branch",
                "line": 53,
                "loc": { "start": { "line": 53, "column": 32 }, "end": { "line": 53, "column": 33 } },
                "locations": [{ "start": { "line": 53, "column": 32 }, "end": { "line": 53, "column": 33 } }]
            },
            "10": {
                "type": "branch",
                "line": 53,
                "loc": { "start": { "line": 53, "column": 32 }, "end": { "line": 53, "column": 33 } },
                "locations": [{ "start": { "line": 53, "column": 32 }, "end": { "line": 53, "column": 33 } }]
            },
            "11": {
                "type": "branch",
                "line": 51,
                "loc": { "start": { "line": 51, "column": 22 }, "end": { "line": 51, "column": 38 } },
                "locations": [{ "start": { "line": 51, "column": 22 }, "end": { "line": 51, "column": 38 } }]
            },
            "12": {
                "type": "branch",
                "line": 51,
                "loc": { "start": { "line": 51, "column": 37 }, "end": { "line": 51, "column": 38 } },
                "locations": [{ "start": { "line": 51, "column": 37 }, "end": { "line": 51, "column": 38 } }]
            },
            "13": {
                "type": "branch",
                "line": 51,
                "loc": { "start": { "line": 51, "column": 37 }, "end": { "line": 51, "column": 38 } },
                "locations": [{ "start": { "line": 51, "column": 37 }, "end": { "line": 51, "column": 38 } }]
            },
            "14": {
                "type": "branch",
                "line": 50,
                "loc": { "start": { "line": 50, "column": 64 }, "end": { "line": 50, "column": 79 } },
                "locations": [{ "start": { "line": 50, "column": 64 }, "end": { "line": 50, "column": 79 } }]
            },
            "15": {
                "type": "branch",
                "line": 50,
                "loc": { "start": { "line": 50, "column": 79 }, "end": { "line": 50, "column": 93 } },
                "locations": [{ "start": { "line": 50, "column": 79 }, "end": { "line": 50, "column": 93 } }]
            },
            "16": {
                "type": "branch",
                "line": 50,
                "loc": { "start": { "line": 50, "column": 93 }, "end": { "line": 50, "column": 133 } },
                "locations": [{ "start": { "line": 50, "column": 93 }, "end": { "line": 50, "column": 133 } }]
            },
            "17": {
                "type": "branch",
                "line": 50,
                "loc": { "start": { "line": 50, "column": 155 }, "end": { "line": 50, "column": 181 } },
                "locations": [{ "start": { "line": 50, "column": 155 }, "end": { "line": 50, "column": 181 } }]
            },
            "18": {
                "type": "branch",
                "line": 50,
                "loc": { "start": { "line": 50, "column": 181 }, "end": { "line": 50, "column": 210 } },
                "locations": [{ "start": { "line": 50, "column": 181 }, "end": { "line": 50, "column": 210 } }]
            },
            "19": {
                "type": "branch",
                "line": 64,
                "loc": { "start": { "line": 64, "column": 70 }, "end": { "line": 64, "column": 87 } },
                "locations": [{ "start": { "line": 64, "column": 70 }, "end": { "line": 64, "column": 87 } }]
            },
            "20": {
                "type": "branch",
                "line": 64,
                "loc": { "start": { "line": 64, "column": 87 }, "end": { "line": 64, "column": 113 } },
                "locations": [{ "start": { "line": 64, "column": 87 }, "end": { "line": 64, "column": 113 } }]
            },
            "21": {
                "type": "branch",
                "line": 64,
                "loc": { "start": { "line": 64, "column": 113 }, "end": { "line": 64, "column": 131 } },
                "locations": [{ "start": { "line": 64, "column": 113 }, "end": { "line": 64, "column": 131 } }]
            },
            "22": {
                "type": "branch",
                "line": 71,
                "loc": { "start": { "line": 71, "column": 70 }, "end": { "line": 71, "column": 97 } },
                "locations": [{ "start": { "line": 71, "column": 70 }, "end": { "line": 71, "column": 97 } }]
            },
            "23": {
                "type": "branch",
                "line": 71,
                "loc": { "start": { "line": 71, "column": 97 }, "end": { "line": 71, "column": 114 } },
                "locations": [{ "start": { "line": 71, "column": 97 }, "end": { "line": 71, "column": 114 } }]
            },
            "24": {
                "type": "branch",
                "line": 71,
                "loc": { "start": { "line": 71, "column": 114 }, "end": { "line": 71, "column": 132 } },
                "locations": [{ "start": { "line": 71, "column": 114 }, "end": { "line": 71, "column": 132 } }]
            }
        },
        "b": {
            "0": [1],
            "1": [1],
            "2": [1],
            "3": [3],
            "4": [1],
            "5": [2],
            "6": [1],
            "7": [0],
            "8": [2],
            "9": [1],
            "10": [2],
            "11": [5],
            "12": [4],
            "13": [3],
            "14": [3],
            "15": [3],
            "16": [0],
            "17": [3],
            "18": [3],
            "19": [1],
            "20": [5],
            "21": [0],
            "22": [1],
            "23": [5],
            "24": [0]
        },
        "fnMap": {
            "0": {
                "name": "on_click",
                "decl": { "start": { "line": 64, "column": 131 }, "end": { "line": 64, "column": 142 } },
                "loc": { "start": { "line": 64, "column": 131 }, "end": { "line": 64, "column": 142 } },
                "line": 64
            },
            "1": {
                "name": "on_click_1",
                "decl": { "start": { "line": 71, "column": 132 }, "end": { "line": 71, "column": 150 } },
                "loc": { "start": { "line": 71, "column": 132 }, "end": { "line": 71, "column": 150 } },
                "line": 71
            },
            "2": {
                "name": "connect",
                "decl": { "start": { "line": 9, "column": 19 }, "end": { "line": 39, "column": 5 } },
                "loc": { "start": { "line": 9, "column": 19 }, "end": { "line": 39, "column": 5 } },
                "line": 9
            }
        },
        "f": { "0": 0, "1": 1, "2": 3 }
    },
    "C:\\Users\\zarch\\Documents\\projects\\Link-Analyzer-Editor\\src\\component\\Toasts.svelte": {
        "path": "C:\\Users\\zarch\\Documents\\projects\\Link-Analyzer-Editor\\src\\component\\Toasts.svelte",
        "all": false,
        "statementMap": {
            "0": { "start": { "line": 1, "column": 0 }, "end": { "line": 1, "column": 8 } },
            "4": { "start": { "line": 5, "column": 0 }, "end": { "line": 5, "column": 19 } },
            "5": { "start": { "line": 6, "column": 0 }, "end": { "line": 6, "column": 16 } },
            "6": { "start": { "line": 7, "column": 0 }, "end": { "line": 7, "column": 30 } },
            "7": { "start": { "line": 8, "column": 0 }, "end": { "line": 8, "column": 31 } },
            "8": { "start": { "line": 9, "column": 0 }, "end": { "line": 9, "column": 35 } },
            "10": { "start": { "line": 11, "column": 0 }, "end": { "line": 11, "column": 18 } },
            "11": { "start": { "line": 12, "column": 0 }, "end": { "line": 12, "column": 31 } },
            "12": { "start": { "line": 13, "column": 0 }, "end": { "line": 13, "column": 31 } },
            "13": { "start": { "line": 14, "column": 0 }, "end": { "line": 14, "column": 43 } },
            "15": { "start": { "line": 16, "column": 0 }, "end": { "line": 16, "column": 18 } },
            "16": { "start": { "line": 17, "column": 0 }, "end": { "line": 17, "column": 31 } },
            "17": { "start": { "line": 18, "column": 0 }, "end": { "line": 18, "column": 31 } },
            "18": { "start": { "line": 19, "column": 0 }, "end": { "line": 19, "column": 35 } },
            "20": { "start": { "line": 21, "column": 0 }, "end": { "line": 21, "column": 15 } },
            "21": { "start": { "line": 22, "column": 0 }, "end": { "line": 22, "column": 33 } },
            "22": { "start": { "line": 23, "column": 0 }, "end": { "line": 23, "column": 31 } },
            "23": { "start": { "line": 24, "column": 0 }, "end": { "line": 24, "column": 34 } },
            "27": { "start": { "line": 28, "column": 0 }, "end": { "line": 28, "column": 27 } },
            "28": { "start": { "line": 29, "column": 0 }, "end": { "line": 29, "column": 20 } },
            "30": { "start": { "line": 31, "column": 0 }, "end": { "line": 31, "column": 42 } },
            "31": { "start": { "line": 32, "column": 0 }, "end": { "line": 32, "column": 39 } },
            "32": { "start": { "line": 33, "column": 0 }, "end": { "line": 33, "column": 43 } },
            "33": { "start": { "line": 34, "column": 0 }, "end": { "line": 34, "column": 53 } },
            "34": { "start": { "line": 35, "column": 0 }, "end": { "line": 35, "column": 28 } },
            "35": { "start": { "line": 36, "column": 0 }, "end": { "line": 36, "column": 13 } },
            "36": { "start": { "line": 37, "column": 0 }, "end": { "line": 37, "column": 11 } },
            "37": { "start": { "line": 38, "column": 0 }, "end": { "line": 38, "column": 13 } },
            "39": { "start": { "line": 40, "column": 0 }, "end": { "line": 40, "column": 19 } },
            "40": { "start": { "line": 41, "column": 0 }, "end": { "line": 41, "column": 53 } },
            "41": { "start": { "line": 42, "column": 0 }, "end": { "line": 42, "column": 25 } },
            "42": { "start": { "line": 43, "column": 0 }, "end": { "line": 43, "column": 40 } },
            "43": { "start": { "line": 44, "column": 0 }, "end": { "line": 44, "column": 32 } },
            "44": { "start": { "line": 45, "column": 0 }, "end": { "line": 45, "column": 38 } },
            "45": { "start": { "line": 46, "column": 0 }, "end": { "line": 46, "column": 35 } },
            "47": { "start": { "line": 48, "column": 0 }, "end": { "line": 48, "column": 11 } },
            "48": { "start": { "line": 49, "column": 0 }, "end": { "line": 49, "column": 7 } },
            "50": { "start": { "line": 51, "column": 0 }, "end": { "line": 51, "column": 21 } },
            "51": { "start": { "line": 52, "column": 0 }, "end": { "line": 52, "column": 22 } },
            "52": { "start": { "line": 53, "column": 0 }, "end": { "line": 53, "column": 34 } },
            "53": { "start": { "line": 54, "column": 0 }, "end": { "line": 54, "column": 7 } },
            "58": { "start": { "line": 59, "column": 0 }, "end": { "line": 59, "column": 42 } },
            "59": { "start": { "line": 60, "column": 0 }, "end": { "line": 60, "column": 125 } },
            "61": { "start": { "line": 62, "column": 0 }, "end": { "line": 62, "column": 67 } },
            "64": { "start": { "line": 65, "column": 0 }, "end": { "line": 65, "column": 27 } }
        },
        "s": {
            "0": 1,
            "4": 1,
            "5": 1,
            "6": 1,
            "7": 1,
            "8": 1,
            "10": 1,
            "11": 1,
            "12": 1,
            "13": 1,
            "15": 1,
            "16": 1,
            "17": 1,
            "18": 1,
            "20": 1,
            "21": 1,
            "22": 1,
            "23": 1,
            "27": 1,
            "28": 1,
            "30": 1,
            "31": 0,
            "32": 0,
            "33": 0,
            "34": 0,
            "35": 0,
            "36": 0,
            "37": 1,
            "39": 1,
            "40": 1,
            "41": 1,
            "42": 1,
            "43": 1,
            "44": 1,
            "45": 1,
            "47": 1,
            "48": 1,
            "50": 1,
            "51": 1,
            "52": 1,
            "53": 1,
            "58": 1,
            "59": 1,
            "61": 1,
            "64": 1
        },
        "branchMap": {
            "0": {
                "type": "branch",
                "line": 1,
                "loc": { "start": { "line": 1, "column": 0 }, "end": { "line": 1, "column": 8 } },
                "locations": [{ "start": { "line": 1, "column": 0 }, "end": { "line": 1, "column": 8 } }]
            },
            "1": {
                "type": "branch",
                "line": 1,
                "loc": { "start": { "line": 1, "column": 0 }, "end": { "line": 1, "column": 8 } },
                "locations": [{ "start": { "line": 1, "column": 0 }, "end": { "line": 1, "column": 8 } }]
            },
            "2": {
                "type": "branch",
                "line": 40,
                "loc": { "start": { "line": 40, "column": 11 }, "end": { "line": 49, "column": 5 } },
                "locations": [{ "start": { "line": 40, "column": 11 }, "end": { "line": 49, "column": 5 } }]
            },
            "3": {
                "type": "branch",
                "line": 41,
                "loc": { "start": { "line": 41, "column": 40 }, "end": { "line": 48, "column": 9 } },
                "locations": [{ "start": { "line": 41, "column": 40 }, "end": { "line": 48, "column": 9 } }]
            },
            "4": {
                "type": "branch",
                "line": 51,
                "loc": { "start": { "line": 51, "column": 13 }, "end": { "line": 54, "column": 5 } },
                "locations": [{ "start": { "line": 51, "column": 13 }, "end": { "line": 54, "column": 5 } }]
            },
            "5": {
                "type": "branch",
                "line": 59,
                "loc": { "start": { "line": 59, "column": 15 }, "end": { "line": 59, "column": 36 } },
                "locations": [{ "start": { "line": 59, "column": 15 }, "end": { "line": 59, "column": 36 } }]
            },
            "6": {
                "type": "branch",
                "line": 60,
                "loc": { "start": { "line": 60, "column": 28 }, "end": { "line": 60, "column": 52 } },
                "locations": [{ "start": { "line": 60, "column": 28 }, "end": { "line": 60, "column": 52 } }]
            },
            "7": {
                "type": "branch",
                "line": 60,
                "loc": { "start": { "line": 60, "column": 77 }, "end": { "line": 60, "column": 95 } },
                "locations": [{ "start": { "line": 60, "column": 77 }, "end": { "line": 60, "column": 95 } }]
            },
            "8": {
                "type": "branch",
                "line": 60,
                "loc": { "start": { "line": 60, "column": 122 }, "end": { "line": 60, "column": 125 } },
                "locations": [{ "start": { "line": 60, "column": 122 }, "end": { "line": 60, "column": 125 } }]
            },
            "9": {
                "type": "branch",
                "line": 62,
                "loc": { "start": { "line": 62, "column": 57 }, "end": { "line": 62, "column": 67 } },
                "locations": [{ "start": { "line": 62, "column": 57 }, "end": { "line": 62, "column": 67 } }]
            }
        },
        "b": { "0": [1], "1": [1], "2": [1], "3": [1], "4": [1], "5": [2], "6": [0], "7": [0], "8": [0], "9": [0] },
        "fnMap": {},
        "f": {}
    },
    "C:\\Users\\zarch\\Documents\\projects\\Link-Analyzer-Editor\\src\\component\\editor\\ImageField.svelte": {
        "path": "C:\\Users\\zarch\\Documents\\projects\\Link-Analyzer-Editor\\src\\component\\editor\\ImageField.svelte",
        "all": false,
        "statementMap": {
            "0": { "start": { "line": 1, "column": 0 }, "end": { "line": 1, "column": 8 } },
            "5": { "start": { "line": 6, "column": 0 }, "end": { "line": 6, "column": 47 } },
            "6": { "start": { "line": 7, "column": 0 }, "end": { "line": 7, "column": 30 } },
            "7": { "start": { "line": 8, "column": 0 }, "end": { "line": 8, "column": 28 } },
            "9": { "start": { "line": 10, "column": 0 }, "end": { "line": 10, "column": 30 } },
            "10": { "start": { "line": 11, "column": 0 }, "end": { "line": 11, "column": 60 } },
            "11": { "start": { "line": 12, "column": 0 }, "end": { "line": 12, "column": 32 } },
            "12": { "start": { "line": 13, "column": 0 }, "end": { "line": 13, "column": 36 } },
            "13": { "start": { "line": 14, "column": 0 }, "end": { "line": 14, "column": 5 } },
            "15": { "start": { "line": 16, "column": 0 }, "end": { "line": 16, "column": 35 } },
            "16": { "start": { "line": 17, "column": 0 }, "end": { "line": 17, "column": 12 } },
            "17": { "start": { "line": 18, "column": 0 }, "end": { "line": 18, "column": 51 } },
            "18": { "start": { "line": 19, "column": 0 }, "end": { "line": 19, "column": 20 } },
            "19": { "start": { "line": 20, "column": 0 }, "end": { "line": 20, "column": 28 } },
            "20": { "start": { "line": 21, "column": 0 }, "end": { "line": 21, "column": 96 } },
            "21": { "start": { "line": 22, "column": 0 }, "end": { "line": 22, "column": 13 } },
            "22": { "start": { "line": 23, "column": 0 }, "end": { "line": 23, "column": 22 } },
            "23": { "start": { "line": 24, "column": 0 }, "end": { "line": 24, "column": 80 } },
            "24": { "start": { "line": 25, "column": 0 }, "end": { "line": 25, "column": 9 } },
            "25": { "start": { "line": 26, "column": 0 }, "end": { "line": 26, "column": 5 } },
            "27": { "start": { "line": 28, "column": 0 }, "end": { "line": 28, "column": 38 } },
            "28": { "start": { "line": 29, "column": 0 }, "end": { "line": 29, "column": 12 } },
            "29": { "start": { "line": 30, "column": 0 }, "end": { "line": 30, "column": 86 } },
            "30": { "start": { "line": 31, "column": 0 }, "end": { "line": 31, "column": 25 } },
            "31": { "start": { "line": 32, "column": 0 }, "end": { "line": 32, "column": 108 } },
            "32": { "start": { "line": 33, "column": 0 }, "end": { "line": 33, "column": 13 } },
            "33": { "start": { "line": 34, "column": 0 }, "end": { "line": 34, "column": 22 } },
            "34": { "start": { "line": 35, "column": 0 }, "end": { "line": 35, "column": 80 } },
            "35": { "start": { "line": 36, "column": 0 }, "end": { "line": 36, "column": 9 } },
            "36": { "start": { "line": 37, "column": 0 }, "end": { "line": 37, "column": 5 } },
            "38": { "start": { "line": 39, "column": 0 }, "end": { "line": 39, "column": 19 } },
            "39": { "start": { "line": 40, "column": 0 }, "end": { "line": 40, "column": 19 } },
            "40": { "start": { "line": 41, "column": 0 }, "end": { "line": 41, "column": 7 } },
            "47": { "start": { "line": 48, "column": 0 }, "end": { "line": 48, "column": 52 } },
            "50": { "start": { "line": 51, "column": 0 }, "end": { "line": 51, "column": 106 } },
            "51": { "start": { "line": 52, "column": 0 }, "end": { "line": 52, "column": 119 } }
        },
        "s": {
            "0": 1,
            "5": 1,
            "6": 1,
            "7": 1,
            "9": 1,
            "10": 5,
            "11": 5,
            "12": 5,
            "13": 5,
            "15": 1,
            "16": 2,
            "17": 2,
            "18": 1,
            "19": 1,
            "20": 1,
            "21": 1,
            "22": 2,
            "23": 1,
            "24": 1,
            "25": 2,
            "27": 1,
            "28": 2,
            "29": 2,
            "30": 1,
            "31": 1,
            "32": 1,
            "33": 2,
            "34": 1,
            "35": 1,
            "36": 2,
            "38": 1,
            "39": 5,
            "40": 1,
            "47": 1,
            "50": 1,
            "51": 1
        },
        "branchMap": {
            "0": {
                "type": "branch",
                "line": 1,
                "loc": { "start": { "line": 1, "column": 0 }, "end": { "line": 1, "column": 8 } },
                "locations": [{ "start": { "line": 1, "column": 0 }, "end": { "line": 1, "column": 8 } }]
            },
            "1": {
                "type": "branch",
                "line": 1,
                "loc": { "start": { "line": 1, "column": 0 }, "end": { "line": 1, "column": 8 } },
                "locations": [{ "start": { "line": 1, "column": 0 }, "end": { "line": 1, "column": 8 } }]
            },
            "2": {
                "type": "branch",
                "line": 16,
                "loc": { "start": { "line": 16, "column": 19 }, "end": { "line": 26, "column": 5 } },
                "locations": [{ "start": { "line": 16, "column": 19 }, "end": { "line": 26, "column": 5 } }]
            },
            "3": {
                "type": "branch",
                "line": 18,
                "loc": { "start": { "line": 18, "column": 48 }, "end": { "line": 22, "column": 13 } },
                "locations": [{ "start": { "line": 18, "column": 48 }, "end": { "line": 22, "column": 13 } }]
            },
            "4": {
                "type": "branch",
                "line": 23,
                "loc": { "start": { "line": 23, "column": 9 }, "end": { "line": 25, "column": 9 } },
                "locations": [{ "start": { "line": 23, "column": 9 }, "end": { "line": 25, "column": 9 } }]
            },
            "5": {
                "type": "branch",
                "line": 52,
                "loc": { "start": { "line": 52, "column": 83 }, "end": { "line": 52, "column": 119 } },
                "locations": [{ "start": { "line": 52, "column": 83 }, "end": { "line": 52, "column": 119 } }]
            },
            "6": {
                "type": "branch",
                "line": 10,
                "loc": { "start": { "line": 10, "column": 19 }, "end": { "line": 14, "column": 5 } },
                "locations": [{ "start": { "line": 10, "column": 19 }, "end": { "line": 14, "column": 5 } }]
            },
            "7": {
                "type": "branch",
                "line": 28,
                "loc": { "start": { "line": 28, "column": 19 }, "end": { "line": 37, "column": 5 } },
                "locations": [{ "start": { "line": 28, "column": 19 }, "end": { "line": 37, "column": 5 } }]
            },
            "8": {
                "type": "branch",
                "line": 30,
                "loc": { "start": { "line": 30, "column": 84 }, "end": { "line": 33, "column": 13 } },
                "locations": [{ "start": { "line": 30, "column": 84 }, "end": { "line": 33, "column": 13 } }]
            },
            "9": {
                "type": "branch",
                "line": 34,
                "loc": { "start": { "line": 34, "column": 9 }, "end": { "line": 36, "column": 9 } },
                "locations": [{ "start": { "line": 34, "column": 9 }, "end": { "line": 36, "column": 9 } }]
            },
            "10": {
                "type": "branch",
                "line": 39,
                "loc": { "start": { "line": 39, "column": 11 }, "end": { "line": 41, "column": 5 } },
                "locations": [{ "start": { "line": 39, "column": 11 }, "end": { "line": 41, "column": 5 } }]
            }
        },
        "b": {
            "0": [1],
            "1": [1],
            "2": [2],
            "3": [1],
            "4": [1],
            "5": [2],
            "6": [5],
            "7": [2],
            "8": [1],
            "9": [1],
            "10": [5]
        },
        "fnMap": {
            "0": {
                "name": "uploadSprite",
                "decl": { "start": { "line": 16, "column": 19 }, "end": { "line": 26, "column": 5 } },
                "loc": { "start": { "line": 16, "column": 19 }, "end": { "line": 26, "column": 5 } },
                "line": 16
            },
            "1": {
                "name": "on_click",
                "decl": { "start": { "line": 52, "column": 83 }, "end": { "line": 52, "column": 119 } },
                "loc": { "start": { "line": 52, "column": 83 }, "end": { "line": 52, "column": 119 } },
                "line": 52
            },
            "2": {
                "name": "setImage",
                "decl": { "start": { "line": 10, "column": 19 }, "end": { "line": 14, "column": 5 } },
                "loc": { "start": { "line": 10, "column": 19 }, "end": { "line": 14, "column": 5 } },
                "line": 10
            },
            "3": {
                "name": "saveSprite",
                "decl": { "start": { "line": 28, "column": 19 }, "end": { "line": 37, "column": 5 } },
                "loc": { "start": { "line": 28, "column": 19 }, "end": { "line": 37, "column": 5 } },
                "line": 28
            }
        },
        "f": { "0": 2, "1": 2, "2": 5, "3": 2 }
    },
    "C:\\Users\\zarch\\Documents\\projects\\Link-Analyzer-Editor\\src\\component\\editor\\NaviEditorTopBar.svelte": {
        "path": "C:\\Users\\zarch\\Documents\\projects\\Link-Analyzer-Editor\\src\\component\\editor\\NaviEditorTopBar.svelte",
        "all": false,
        "statementMap": {
            "0": { "start": { "line": 1, "column": 0 }, "end": { "line": 1, "column": 8 } },
            "1": { "start": { "line": 2, "column": 0 }, "end": { "line": 2, "column": 96 } },
            "10": { "start": { "line": 11, "column": 0 }, "end": { "line": 11, "column": 209 } },
            "14": { "start": { "line": 15, "column": 0 }, "end": { "line": 15, "column": 240 } },
            "22": { "start": { "line": 23, "column": 0 }, "end": { "line": 23, "column": 211 } }
        },
        "s": { "0": 1, "1": 1, "10": 1, "14": 1, "22": 1 },
        "branchMap": {
            "0": {
                "type": "branch",
                "line": 1,
                "loc": { "start": { "line": 1, "column": 0 }, "end": { "line": 1, "column": 8 } },
                "locations": [{ "start": { "line": 1, "column": 0 }, "end": { "line": 1, "column": 8 } }]
            },
            "1": {
                "type": "branch",
                "line": 1,
                "loc": { "start": { "line": 1, "column": 0 }, "end": { "line": 1, "column": 8 } },
                "locations": [{ "start": { "line": 1, "column": 0 }, "end": { "line": 1, "column": 8 } }]
            },
            "2": {
                "type": "branch",
                "line": 11,
                "loc": { "start": { "line": 11, "column": 94 }, "end": { "line": 11, "column": 99 } },
                "locations": [{ "start": { "line": 11, "column": 94 }, "end": { "line": 11, "column": 99 } }]
            },
            "3": {
                "type": "branch",
                "line": 11,
                "loc": { "start": { "line": 11, "column": 99 }, "end": { "line": 11, "column": 112 } },
                "locations": [{ "start": { "line": 11, "column": 99 }, "end": { "line": 11, "column": 112 } }]
            },
            "4": {
                "type": "branch",
                "line": 11,
                "loc": { "start": { "line": 11, "column": 112 }, "end": { "line": 11, "column": 209 } },
                "locations": [{ "start": { "line": 11, "column": 112 }, "end": { "line": 11, "column": 209 } }]
            },
            "5": {
                "type": "branch",
                "line": 15,
                "loc": { "start": { "line": 15, "column": 101 }, "end": { "line": 15, "column": 103 } },
                "locations": [{ "start": { "line": 15, "column": 101 }, "end": { "line": 15, "column": 103 } }]
            },
            "6": {
                "type": "branch",
                "line": 15,
                "loc": { "start": { "line": 15, "column": 103 }, "end": { "line": 15, "column": 116 } },
                "locations": [{ "start": { "line": 15, "column": 103 }, "end": { "line": 15, "column": 116 } }]
            },
            "7": {
                "type": "branch",
                "line": 15,
                "loc": { "start": { "line": 15, "column": 116 }, "end": { "line": 15, "column": 119 } },
                "locations": [{ "start": { "line": 15, "column": 116 }, "end": { "line": 15, "column": 119 } }]
            },
            "8": {
                "type": "branch",
                "line": 15,
                "loc": { "start": { "line": 15, "column": 123 }, "end": { "line": 15, "column": 128 } },
                "locations": [{ "start": { "line": 15, "column": 123 }, "end": { "line": 15, "column": 128 } }]
            },
            "9": {
                "type": "branch",
                "line": 15,
                "loc": { "start": { "line": 15, "column": 128 }, "end": { "line": 15, "column": 141 } },
                "locations": [{ "start": { "line": 15, "column": 128 }, "end": { "line": 15, "column": 141 } }]
            },
            "10": {
                "type": "branch",
                "line": 15,
                "loc": { "start": { "line": 15, "column": 141 }, "end": { "line": 15, "column": 240 } },
                "locations": [{ "start": { "line": 15, "column": 141 }, "end": { "line": 15, "column": 240 } }]
            },
            "11": {
                "type": "branch",
                "line": 23,
                "loc": { "start": { "line": 23, "column": 100 }, "end": { "line": 23, "column": 102 } },
                "locations": [{ "start": { "line": 23, "column": 100 }, "end": { "line": 23, "column": 102 } }]
            },
            "12": {
                "type": "branch",
                "line": 23,
                "loc": { "start": { "line": 23, "column": 102 }, "end": { "line": 23, "column": 115 } },
                "locations": [{ "start": { "line": 23, "column": 102 }, "end": { "line": 23, "column": 115 } }]
            },
            "13": {
                "type": "branch",
                "line": 23,
                "loc": { "start": { "line": 23, "column": 115 }, "end": { "line": 23, "column": 211 } },
                "locations": [{ "start": { "line": 23, "column": 115 }, "end": { "line": 23, "column": 211 } }]
            }
        },
        "b": {
            "0": [1],
            "1": [1],
            "2": [1],
            "3": [2],
            "4": [0],
            "5": [1],
            "6": [2],
            "7": [0],
            "8": [1],
            "9": [2],
            "10": [0],
            "11": [1],
            "12": [2],
            "13": [0]
        },
        "fnMap": {},
        "f": {}
    },
    "C:\\Users\\zarch\\Documents\\projects\\Link-Analyzer-Editor\\src\\component\\editor\\NaviField.svelte": {
        "path": "C:\\Users\\zarch\\Documents\\projects\\Link-Analyzer-Editor\\src\\component\\editor\\NaviField.svelte",
        "all": false,
        "statementMap": {
            "0": { "start": { "line": 1, "column": 0 }, "end": { "line": 1, "column": 8 } },
            "1": { "start": { "line": 2, "column": 0 }, "end": { "line": 2, "column": 43 } },
            "3": { "start": { "line": 4, "column": 0 }, "end": { "line": 4, "column": 22 } },
            "4": { "start": { "line": 5, "column": 0 }, "end": { "line": 5, "column": 18 } },
            "5": { "start": { "line": 6, "column": 0 }, "end": { "line": 6, "column": 18 } },
            "6": { "start": { "line": 7, "column": 0 }, "end": { "line": 7, "column": 19 } },
            "7": { "start": { "line": 8, "column": 0 }, "end": { "line": 8, "column": 19 } },
            "8": { "start": { "line": 9, "column": 0 }, "end": { "line": 9, "column": 20 } },
            "9": { "start": { "line": 10, "column": 0 }, "end": { "line": 10, "column": 27 } },
            "10": { "start": { "line": 11, "column": 0 }, "end": { "line": 11, "column": 22 } },
            "11": { "start": { "line": 12, "column": 0 }, "end": { "line": 12, "column": 19 } },
            "12": { "start": { "line": 13, "column": 0 }, "end": { "line": 13, "column": 20 } },
            "13": { "start": { "line": 14, "column": 0 }, "end": { "line": 14, "column": 18 } },
            "14": { "start": { "line": 15, "column": 0 }, "end": { "line": 15, "column": 18 } },
            "15": { "start": { "line": 16, "column": 0 }, "end": { "line": 16, "column": 19 } },
            "16": { "start": { "line": 17, "column": 0 }, "end": { "line": 17, "column": 24 } },
            "17": { "start": { "line": 18, "column": 0 }, "end": { "line": 18, "column": 18 } },
            "18": { "start": { "line": 19, "column": 0 }, "end": { "line": 19, "column": 21 } },
            "19": { "start": { "line": 20, "column": 0 }, "end": { "line": 20, "column": 22 } },
            "26": { "start": { "line": 27, "column": 0 }, "end": { "line": 27, "column": 33 } },
            "29": { "start": { "line": 30, "column": 0 }, "end": { "line": 30, "column": 43 } },
            "31": { "start": { "line": 32, "column": 0 }, "end": { "line": 32, "column": 165 } }
        },
        "s": {
            "0": 1,
            "1": 1,
            "3": 1,
            "4": 1,
            "5": 1,
            "6": 1,
            "7": 1,
            "8": 1,
            "9": 1,
            "10": 1,
            "11": 1,
            "12": 1,
            "13": 1,
            "14": 1,
            "15": 1,
            "16": 1,
            "17": 1,
            "18": 1,
            "19": 1,
            "26": 1,
            "29": 1,
            "31": 1
        },
        "branchMap": {
            "0": {
                "type": "branch",
                "line": 1,
                "loc": { "start": { "line": 1, "column": 0 }, "end": { "line": 1, "column": 8 } },
                "locations": [{ "start": { "line": 1, "column": 0 }, "end": { "line": 1, "column": 8 } }]
            },
            "1": {
                "type": "branch",
                "line": 1,
                "loc": { "start": { "line": 1, "column": 0 }, "end": { "line": 1, "column": 8 } },
                "locations": [{ "start": { "line": 1, "column": 0 }, "end": { "line": 1, "column": 8 } }]
            },
            "2": {
                "type": "branch",
                "line": 30,
                "loc": { "start": { "line": 30, "column": 19 }, "end": { "line": 30, "column": 27 } },
                "locations": [{ "start": { "line": 30, "column": 19 }, "end": { "line": 30, "column": 27 } }]
            },
            "3": {
                "type": "branch",
                "line": 32,
                "loc": { "start": { "line": 32, "column": 131 }, "end": { "line": 32, "column": 151 } },
                "locations": [{ "start": { "line": 32, "column": 131 }, "end": { "line": 32, "column": 151 } }]
            },
            "4": {
                "type": "branch",
                "line": 32,
                "loc": { "start": { "line": 32, "column": 151 }, "end": { "line": 32, "column": 165 } },
                "locations": [{ "start": { "line": 32, "column": 151 }, "end": { "line": 32, "column": 165 } }]
            },
            "5": {
                "type": "branch",
                "line": 27,
                "loc": { "start": { "line": 27, "column": 13 }, "end": { "line": 27, "column": 33 } },
                "locations": [{ "start": { "line": 27, "column": 13 }, "end": { "line": 27, "column": 33 } }]
            }
        },
        "b": { "0": [1], "1": [1], "2": [1], "3": [1], "4": [16], "5": [2] },
        "fnMap": {
            "0": {
                "name": "a.__click",
                "decl": { "start": { "line": 32, "column": 131 }, "end": { "line": 32, "column": 151 } },
                "loc": { "start": { "line": 32, "column": 131 }, "end": { "line": 32, "column": 151 } },
                "line": 32
            }
        },
        "f": { "0": 1 }
    },
    "C:\\Users\\zarch\\Documents\\projects\\Link-Analyzer-Editor\\src\\component\\editor\\NumberField.svelte": {
        "path": "C:\\Users\\zarch\\Documents\\projects\\Link-Analyzer-Editor\\src\\component\\editor\\NumberField.svelte",
        "all": false,
        "statementMap": {
            "0": { "start": { "line": 1, "column": 0 }, "end": { "line": 1, "column": 8 } },
            "3": { "start": { "line": 4, "column": 0 }, "end": { "line": 4, "column": 57 } },
            "5": { "start": { "line": 6, "column": 0 }, "end": { "line": 6, "column": 34 } },
            "7": { "start": { "line": 8, "column": 0 }, "end": { "line": 8, "column": 24 } },
            "8": { "start": { "line": 9, "column": 0 }, "end": { "line": 9, "column": 53 } },
            "9": { "start": { "line": 10, "column": 0 }, "end": { "line": 10, "column": 5 } },
            "11": { "start": { "line": 12, "column": 0 }, "end": { "line": 12, "column": 19 } },
            "12": { "start": { "line": 13, "column": 0 }, "end": { "line": 13, "column": 19 } },
            "13": { "start": { "line": 14, "column": 0 }, "end": { "line": 14, "column": 7 } },
            "19": { "start": { "line": 20, "column": 0 }, "end": { "line": 20, "column": 147 } }
        },
        "s": { "0": 1, "3": 1, "5": 1, "7": 1, "8": 2, "9": 2, "11": 1, "12": 2, "13": 1, "19": 1 },
        "branchMap": {
            "0": {
                "type": "branch",
                "line": 8,
                "loc": { "start": { "line": 8, "column": 13 }, "end": { "line": 10, "column": 5 } },
                "locations": [{ "start": { "line": 8, "column": 13 }, "end": { "line": 10, "column": 5 } }]
            },
            "1": {
                "type": "branch",
                "line": 12,
                "loc": { "start": { "line": 12, "column": 11 }, "end": { "line": 14, "column": 5 } },
                "locations": [{ "start": { "line": 12, "column": 11 }, "end": { "line": 14, "column": 5 } }]
            },
            "2": {
                "type": "branch",
                "line": 20,
                "loc": { "start": { "line": 20, "column": 91 }, "end": { "line": 20, "column": 106 } },
                "locations": [{ "start": { "line": 20, "column": 91 }, "end": { "line": 20, "column": 106 } }]
            },
            "3": {
                "type": "branch",
                "line": 20,
                "loc": { "start": { "line": 20, "column": 106 }, "end": { "line": 20, "column": 121 } },
                "locations": [{ "start": { "line": 20, "column": 106 }, "end": { "line": 20, "column": 121 } }]
            }
        },
        "b": { "0": [2], "1": [2], "2": [0], "3": [0] },
        "fnMap": {
            "0": {
                "name": "validate",
                "decl": { "start": { "line": 8, "column": 13 }, "end": { "line": 10, "column": 5 } },
                "loc": { "start": { "line": 8, "column": 13 }, "end": { "line": 10, "column": 5 } },
                "line": 8
            }
        },
        "f": { "0": 2 }
    },
    "C:\\Users\\zarch\\Documents\\projects\\Link-Analyzer-Editor\\src\\component\\editor\\VersionUpdate.svelte": {
        "path": "C:\\Users\\zarch\\Documents\\projects\\Link-Analyzer-Editor\\src\\component\\editor\\VersionUpdate.svelte",
        "all": false,
        "statementMap": {
            "0": { "start": { "line": 1, "column": 0 }, "end": { "line": 1, "column": 8 } },
            "5": { "start": { "line": 6, "column": 0 }, "end": { "line": 6, "column": 36 } },
            "6": { "start": { "line": 7, "column": 0 }, "end": { "line": 7, "column": 29 } },
            "8": { "start": { "line": 9, "column": 0 }, "end": { "line": 9, "column": 23 } },
            "9": { "start": { "line": 10, "column": 0 }, "end": { "line": 10, "column": 33 } },
            "10": { "start": { "line": 11, "column": 0 }, "end": { "line": 11, "column": 35 } },
            "11": { "start": { "line": 12, "column": 0 }, "end": { "line": 12, "column": 5 } },
            "13": { "start": { "line": 14, "column": 0 }, "end": { "line": 14, "column": 46 } },
            "14": { "start": { "line": 15, "column": 0 }, "end": { "line": 15, "column": 103 } },
            "15": { "start": { "line": 16, "column": 0 }, "end": { "line": 16, "column": 42 } },
            "16": { "start": { "line": 17, "column": 0 }, "end": { "line": 17, "column": 5 } },
            "18": { "start": { "line": 19, "column": 0 }, "end": { "line": 19, "column": 35 } },
            "19": { "start": { "line": 20, "column": 0 }, "end": { "line": 20, "column": 99 } },
            "20": { "start": { "line": 21, "column": 0 }, "end": { "line": 21, "column": 5 } },
            "22": { "start": { "line": 23, "column": 0 }, "end": { "line": 23, "column": 32 } },
            "23": { "start": { "line": 24, "column": 0 }, "end": { "line": 24, "column": 107 } },
            "24": { "start": { "line": 25, "column": 0 }, "end": { "line": 25, "column": 5 } },
            "26": { "start": { "line": 27, "column": 0 }, "end": { "line": 27, "column": 44 } },
            "27": { "start": { "line": 28, "column": 0 }, "end": { "line": 28, "column": 17 } },
            "28": { "start": { "line": 29, "column": 0 }, "end": { "line": 29, "column": 62 } },
            "29": { "start": { "line": 30, "column": 0 }, "end": { "line": 30, "column": 9 } },
            "30": { "start": { "line": 31, "column": 0 }, "end": { "line": 31, "column": 5 } },
            "32": { "start": { "line": 33, "column": 0 }, "end": { "line": 33, "column": 21 } },
            "36": { "start": { "line": 37, "column": 0 }, "end": { "line": 37, "column": 53 } },
            "41": { "start": { "line": 42, "column": 0 }, "end": { "line": 42, "column": 55 } },
            "42": { "start": { "line": 43, "column": 0 }, "end": { "line": 43, "column": 56 } },
            "45": { "start": { "line": 46, "column": 0 }, "end": { "line": 46, "column": 115 } },
            "46": { "start": { "line": 47, "column": 0 }, "end": { "line": 47, "column": 107 } }
        },
        "s": {
            "0": 1,
            "5": 1,
            "6": 1,
            "8": 1,
            "9": 4,
            "10": 4,
            "11": 4,
            "13": 1,
            "14": 4,
            "15": 4,
            "16": 4,
            "18": 1,
            "19": 1,
            "20": 1,
            "22": 1,
            "23": 1,
            "24": 1,
            "26": 1,
            "27": 4,
            "28": 4,
            "29": 4,
            "30": 4,
            "32": 1,
            "36": 1,
            "41": 1,
            "42": 1,
            "45": 1,
            "46": 1
        },
        "branchMap": {
            "0": {
                "type": "branch",
                "line": 19,
                "loc": { "start": { "line": 19, "column": 19 }, "end": { "line": 21, "column": 5 } },
                "locations": [{ "start": { "line": 19, "column": 19 }, "end": { "line": 21, "column": 5 } }]
            },
            "1": {
                "type": "branch",
                "line": 23,
                "loc": { "start": { "line": 23, "column": 19 }, "end": { "line": 25, "column": 5 } },
                "locations": [{ "start": { "line": 23, "column": 19 }, "end": { "line": 25, "column": 5 } }]
            },
            "2": {
                "type": "branch",
                "line": 9,
                "loc": { "start": { "line": 9, "column": 13 }, "end": { "line": 12, "column": 5 } },
                "locations": [{ "start": { "line": 9, "column": 13 }, "end": { "line": 12, "column": 5 } }]
            },
            "3": {
                "type": "branch",
                "line": 14,
                "loc": { "start": { "line": 14, "column": 19 }, "end": { "line": 17, "column": 5 } },
                "locations": [{ "start": { "line": 14, "column": 19 }, "end": { "line": 17, "column": 5 } }]
            },
            "4": {
                "type": "branch",
                "line": 27,
                "loc": { "start": { "line": 27, "column": 19 }, "end": { "line": 31, "column": 5 } },
                "locations": [{ "start": { "line": 27, "column": 19 }, "end": { "line": 31, "column": 5 } }]
            },
            "5": {
                "type": "branch",
                "line": 42,
                "loc": { "start": { "line": 42, "column": 50 }, "end": { "line": 42, "column": 55 } },
                "locations": [{ "start": { "line": 42, "column": 50 }, "end": { "line": 42, "column": 55 } }]
            },
            "6": {
                "type": "branch",
                "line": 43,
                "loc": { "start": { "line": 43, "column": 51 }, "end": { "line": 43, "column": 56 } },
                "locations": [{ "start": { "line": 43, "column": 51 }, "end": { "line": 43, "column": 56 } }]
            },
            "7": {
                "type": "branch",
                "line": 37,
                "loc": { "start": { "line": 37, "column": 23 }, "end": { "line": 37, "column": 53 } },
                "locations": [{ "start": { "line": 37, "column": 23 }, "end": { "line": 37, "column": 53 } }]
            },
            "8": {
                "type": "branch",
                "line": 37,
                "loc": { "start": { "line": 37, "column": 52 }, "end": { "line": 37, "column": 53 } },
                "locations": [{ "start": { "line": 37, "column": 52 }, "end": { "line": 37, "column": 53 } }]
            }
        },
        "b": { "0": [1], "1": [1], "2": [4], "3": [4], "4": [4], "5": [0], "6": [0], "7": [4], "8": [3] },
        "fnMap": {
            "0": {
                "name": "openFirmware",
                "decl": { "start": { "line": 19, "column": 19 }, "end": { "line": 21, "column": 5 } },
                "loc": { "start": { "line": 19, "column": 19 }, "end": { "line": 21, "column": 5 } },
                "line": 19
            },
            "1": {
                "name": "openGuide",
                "decl": { "start": { "line": 23, "column": 19 }, "end": { "line": 25, "column": 5 } },
                "loc": { "start": { "line": 23, "column": 19 }, "end": { "line": 25, "column": 5 } },
                "line": 23
            },
            "2": {
                "name": "startup",
                "decl": { "start": { "line": 9, "column": 13 }, "end": { "line": 12, "column": 5 } },
                "loc": { "start": { "line": 9, "column": 13 }, "end": { "line": 12, "column": 5 } },
                "line": 9
            },
            "3": {
                "name": "getCurrentReleaseVersion",
                "decl": { "start": { "line": 14, "column": 19 }, "end": { "line": 17, "column": 5 } },
                "loc": { "start": { "line": 14, "column": 19 }, "end": { "line": 17, "column": 5 } },
                "line": 14
            },
            "4": {
                "name": "getLinkAnalyzerVersion",
                "decl": { "start": { "line": 27, "column": 19 }, "end": { "line": 31, "column": 5 } },
                "loc": { "start": { "line": 27, "column": 19 }, "end": { "line": 31, "column": 5 } },
                "line": 27
            }
        },
        "f": { "0": 1, "1": 1, "2": 4, "3": 4, "4": 4 }
    },
    "C:\\Users\\zarch\\Documents\\projects\\Link-Analyzer-Editor\\src\\component\\library\\Chip.svelte": {
        "path": "C:\\Users\\zarch\\Documents\\projects\\Link-Analyzer-Editor\\src\\component\\library\\Chip.svelte",
        "all": false,
        "statementMap": {
            "0": { "start": { "line": 1, "column": 0 }, "end": { "line": 1, "column": 8 } },
            "5": { "start": { "line": 6, "column": 0 }, "end": { "line": 6, "column": 46 } },
            "7": { "start": { "line": 8, "column": 0 }, "end": { "line": 8, "column": 31 } },
            "8": { "start": { "line": 9, "column": 0 }, "end": { "line": 9, "column": 49 } },
            "10": { "start": { "line": 11, "column": 0 }, "end": { "line": 11, "column": 12 } },
            "11": { "start": { "line": 12, "column": 0 }, "end": { "line": 12, "column": 83 } },
            "12": { "start": { "line": 13, "column": 0 }, "end": { "line": 13, "column": 44 } },
            "15": { "start": { "line": 16, "column": 0 }, "end": { "line": 16, "column": 59 } },
            "16": { "start": { "line": 17, "column": 0 }, "end": { "line": 17, "column": 82 } },
            "17": { "start": { "line": 18, "column": 0 }, "end": { "line": 18, "column": 70 } },
            "18": { "start": { "line": 19, "column": 0 }, "end": { "line": 19, "column": 47 } },
            "19": { "start": { "line": 20, "column": 0 }, "end": { "line": 20, "column": 18 } },
            "20": { "start": { "line": 21, "column": 0 }, "end": { "line": 21, "column": 47 } },
            "21": { "start": { "line": 22, "column": 0 }, "end": { "line": 22, "column": 13 } },
            "22": { "start": { "line": 23, "column": 0 }, "end": { "line": 23, "column": 22 } },
            "23": { "start": { "line": 24, "column": 0 }, "end": { "line": 24, "column": 33 } },
            "24": { "start": { "line": 25, "column": 0 }, "end": { "line": 25, "column": 43 } },
            "25": { "start": { "line": 26, "column": 0 }, "end": { "line": 26, "column": 9 } },
            "28": { "start": { "line": 29, "column": 0 }, "end": { "line": 29, "column": 12 } },
            "29": { "start": { "line": 30, "column": 0 }, "end": { "line": 30, "column": 91 } },
            "30": { "start": { "line": 31, "column": 0 }, "end": { "line": 31, "column": 44 } },
            "33": { "start": { "line": 34, "column": 0 }, "end": { "line": 34, "column": 59 } },
            "34": { "start": { "line": 35, "column": 0 }, "end": { "line": 35, "column": 82 } },
            "35": { "start": { "line": 36, "column": 0 }, "end": { "line": 36, "column": 70 } },
            "36": { "start": { "line": 37, "column": 0 }, "end": { "line": 37, "column": 49 } },
            "37": { "start": { "line": 38, "column": 0 }, "end": { "line": 38, "column": 18 } },
            "38": { "start": { "line": 39, "column": 0 }, "end": { "line": 39, "column": 49 } },
            "39": { "start": { "line": 40, "column": 0 }, "end": { "line": 40, "column": 13 } },
            "40": { "start": { "line": 41, "column": 0 }, "end": { "line": 41, "column": 22 } },
            "41": { "start": { "line": 42, "column": 0 }, "end": { "line": 42, "column": 33 } },
            "42": { "start": { "line": 43, "column": 0 }, "end": { "line": 43, "column": 45 } },
            "43": { "start": { "line": 44, "column": 0 }, "end": { "line": 44, "column": 9 } },
            "45": { "start": { "line": 46, "column": 0 }, "end": { "line": 46, "column": 5 } },
            "47": { "start": { "line": 48, "column": 0 }, "end": { "line": 48, "column": 19 } },
            "48": { "start": { "line": 49, "column": 0 }, "end": { "line": 49, "column": 19 } },
            "49": { "start": { "line": 50, "column": 0 }, "end": { "line": 50, "column": 7 } },
            "56": { "start": { "line": 57, "column": 0 }, "end": { "line": 57, "column": 66 } },
            "58": { "start": { "line": 59, "column": 0 }, "end": { "line": 59, "column": 71 } },
            "60": { "start": { "line": 61, "column": 0 }, "end": { "line": 61, "column": 41 } },
            "67": { "start": { "line": 68, "column": 0 }, "end": { "line": 68, "column": 58 } },
            "73": { "start": { "line": 74, "column": 0 }, "end": { "line": 74, "column": 61 } },
            "80": { "start": { "line": 81, "column": 0 }, "end": { "line": 81, "column": 39 } },
            "83": { "start": { "line": 84, "column": 0 }, "end": { "line": 84, "column": 73 } },
            "87": { "start": { "line": 88, "column": 0 }, "end": { "line": 88, "column": 45 } },
            "90": { "start": { "line": 91, "column": 0 }, "end": { "line": 91, "column": 75 } },
            "94": { "start": { "line": 95, "column": 0 }, "end": { "line": 95, "column": 41 } },
            "97": { "start": { "line": 98, "column": 0 }, "end": { "line": 98, "column": 70 } },
            "100": { "start": { "line": 101, "column": 0 }, "end": { "line": 101, "column": 92 } },
            "108": { "start": { "line": 109, "column": 0 }, "end": { "line": 109, "column": 39 } },
            "111": { "start": { "line": 112, "column": 0 }, "end": { "line": 112, "column": 72 } },
            "115": { "start": { "line": 116, "column": 0 }, "end": { "line": 116, "column": 45 } },
            "118": { "start": { "line": 119, "column": 0 }, "end": { "line": 119, "column": 75 } },
            "122": { "start": { "line": 123, "column": 0 }, "end": { "line": 123, "column": 41 } },
            "125": { "start": { "line": 126, "column": 0 }, "end": { "line": 126, "column": 74 } },
            "128": { "start": { "line": 129, "column": 0 }, "end": { "line": 129, "column": 92 } },
            "136": { "start": { "line": 137, "column": 0 }, "end": { "line": 137, "column": 39 } },
            "139": { "start": { "line": 140, "column": 0 }, "end": { "line": 140, "column": 73 } },
            "143": { "start": { "line": 144, "column": 0 }, "end": { "line": 144, "column": 45 } },
            "146": { "start": { "line": 147, "column": 0 }, "end": { "line": 147, "column": 75 } },
            "150": { "start": { "line": 151, "column": 0 }, "end": { "line": 151, "column": 41 } },
            "153": { "start": { "line": 154, "column": 0 }, "end": { "line": 154, "column": 74 } },
            "156": { "start": { "line": 157, "column": 0 }, "end": { "line": 157, "column": 92 } }
        },
        "s": {
            "0": 2,
            "5": 1,
            "7": 1,
            "8": 4,
            "10": 4,
            "11": 4,
            "12": 4,
            "15": 4,
            "16": 2,
            "17": 2,
            "18": 2,
            "19": 4,
            "20": 1,
            "21": 1,
            "22": 4,
            "23": 1,
            "24": 1,
            "25": 1,
            "28": 4,
            "29": 4,
            "30": 4,
            "33": 4,
            "34": 2,
            "35": 2,
            "36": 2,
            "37": 4,
            "38": 1,
            "39": 1,
            "40": 4,
            "41": 1,
            "42": 1,
            "43": 1,
            "45": 4,
            "47": 1,
            "48": 4,
            "49": 1,
            "56": 1,
            "58": 1,
            "60": 1,
            "67": 1,
            "73": 1,
            "80": 1,
            "83": 1,
            "87": 1,
            "90": 1,
            "94": 1,
            "97": 1,
            "100": 1,
            "108": 1,
            "111": 1,
            "115": 1,
            "118": 1,
            "122": 1,
            "125": 1,
            "128": 1,
            "136": 1,
            "139": 1,
            "143": 1,
            "146": 1,
            "150": 1,
            "153": 1,
            "156": 1
        },
        "branchMap": {
            "0": {
                "type": "branch",
                "line": 1,
                "loc": { "start": { "line": 1, "column": 0 }, "end": { "line": 1, "column": 8 } },
                "locations": [{ "start": { "line": 1, "column": 0 }, "end": { "line": 1, "column": 8 } }]
            },
            "1": {
                "type": "branch",
                "line": 1,
                "loc": { "start": { "line": 1, "column": 0 }, "end": { "line": 1, "column": 8 } },
                "locations": [{ "start": { "line": 1, "column": 0 }, "end": { "line": 1, "column": 8 } }]
            },
            "2": {
                "type": "branch",
                "line": 8,
                "loc": { "start": { "line": 8, "column": 19 }, "end": { "line": 46, "column": 5 } },
                "locations": [{ "start": { "line": 8, "column": 19 }, "end": { "line": 46, "column": 5 } }]
            },
            "3": {
                "type": "branch",
                "line": 13,
                "loc": { "start": { "line": 13, "column": 43 }, "end": { "line": 16, "column": 58 } },
                "locations": [{ "start": { "line": 13, "column": 43 }, "end": { "line": 16, "column": 58 } }]
            },
            "4": {
                "type": "branch",
                "line": 16,
                "loc": { "start": { "line": 16, "column": 58 }, "end": { "line": 20, "column": 13 } },
                "locations": [{ "start": { "line": 16, "column": 58 }, "end": { "line": 20, "column": 13 } }]
            },
            "5": {
                "type": "branch",
                "line": 20,
                "loc": { "start": { "line": 20, "column": 13 }, "end": { "line": 22, "column": 13 } },
                "locations": [{ "start": { "line": 20, "column": 13 }, "end": { "line": 22, "column": 13 } }]
            },
            "6": {
                "type": "branch",
                "line": 23,
                "loc": { "start": { "line": 23, "column": 9 }, "end": { "line": 26, "column": 9 } },
                "locations": [{ "start": { "line": 23, "column": 9 }, "end": { "line": 26, "column": 9 } }]
            },
            "7": {
                "type": "branch",
                "line": 31,
                "loc": { "start": { "line": 31, "column": 43 }, "end": { "line": 34, "column": 58 } },
                "locations": [{ "start": { "line": 31, "column": 43 }, "end": { "line": 34, "column": 58 } }]
            },
            "8": {
                "type": "branch",
                "line": 34,
                "loc": { "start": { "line": 34, "column": 58 }, "end": { "line": 38, "column": 13 } },
                "locations": [{ "start": { "line": 34, "column": 58 }, "end": { "line": 38, "column": 13 } }]
            },
            "9": {
                "type": "branch",
                "line": 38,
                "loc": { "start": { "line": 38, "column": 13 }, "end": { "line": 40, "column": 13 } },
                "locations": [{ "start": { "line": 38, "column": 13 }, "end": { "line": 40, "column": 13 } }]
            },
            "10": {
                "type": "branch",
                "line": 41,
                "loc": { "start": { "line": 41, "column": 9 }, "end": { "line": 44, "column": 9 } },
                "locations": [{ "start": { "line": 41, "column": 9 }, "end": { "line": 44, "column": 9 } }]
            },
            "11": {
                "type": "branch",
                "line": 48,
                "loc": { "start": { "line": 48, "column": 11 }, "end": { "line": 50, "column": 5 } },
                "locations": [{ "start": { "line": 48, "column": 11 }, "end": { "line": 50, "column": 5 } }]
            },
            "12": {
                "type": "branch",
                "line": 59,
                "loc": { "start": { "line": 59, "column": 37 }, "end": { "line": 59, "column": 71 } },
                "locations": [{ "start": { "line": 59, "column": 37 }, "end": { "line": 59, "column": 71 } }]
            },
            "13": {
                "type": "branch",
                "line": 81,
                "loc": { "start": { "line": 81, "column": 38 }, "end": { "line": 81, "column": 39 } },
                "locations": [{ "start": { "line": 81, "column": 38 }, "end": { "line": 81, "column": 39 } }]
            },
            "14": {
                "type": "branch",
                "line": 91,
                "loc": { "start": { "line": 91, "column": 48 }, "end": { "line": 91, "column": 75 } },
                "locations": [{ "start": { "line": 91, "column": 48 }, "end": { "line": 91, "column": 75 } }]
            },
            "15": {
                "type": "branch",
                "line": 95,
                "loc": { "start": { "line": 95, "column": 40 }, "end": { "line": 95, "column": 41 } },
                "locations": [{ "start": { "line": 95, "column": 40 }, "end": { "line": 95, "column": 41 } }]
            },
            "16": {
                "type": "branch",
                "line": 101,
                "loc": { "start": { "line": 101, "column": 67 }, "end": { "line": 101, "column": 91 } },
                "locations": [{ "start": { "line": 101, "column": 67 }, "end": { "line": 101, "column": 91 } }]
            },
            "17": {
                "type": "branch",
                "line": 101,
                "loc": { "start": { "line": 101, "column": 91 }, "end": { "line": 101, "column": 92 } },
                "locations": [{ "start": { "line": 101, "column": 91 }, "end": { "line": 101, "column": 92 } }]
            },
            "18": {
                "type": "branch",
                "line": 109,
                "loc": { "start": { "line": 109, "column": 38 }, "end": { "line": 109, "column": 39 } },
                "locations": [{ "start": { "line": 109, "column": 38 }, "end": { "line": 109, "column": 39 } }]
            },
            "19": {
                "type": "branch",
                "line": 119,
                "loc": { "start": { "line": 119, "column": 48 }, "end": { "line": 119, "column": 75 } },
                "locations": [{ "start": { "line": 119, "column": 48 }, "end": { "line": 119, "column": 75 } }]
            },
            "20": {
                "type": "branch",
                "line": 123,
                "loc": { "start": { "line": 123, "column": 40 }, "end": { "line": 123, "column": 41 } },
                "locations": [{ "start": { "line": 123, "column": 40 }, "end": { "line": 123, "column": 41 } }]
            },
            "21": {
                "type": "branch",
                "line": 129,
                "loc": { "start": { "line": 129, "column": 67 }, "end": { "line": 129, "column": 91 } },
                "locations": [{ "start": { "line": 129, "column": 67 }, "end": { "line": 129, "column": 91 } }]
            },
            "22": {
                "type": "branch",
                "line": 129,
                "loc": { "start": { "line": 129, "column": 91 }, "end": { "line": 129, "column": 92 } },
                "locations": [{ "start": { "line": 129, "column": 91 }, "end": { "line": 129, "column": 92 } }]
            },
            "23": {
                "type": "branch",
                "line": 137,
                "loc": { "start": { "line": 137, "column": 38 }, "end": { "line": 137, "column": 39 } },
                "locations": [{ "start": { "line": 137, "column": 38 }, "end": { "line": 137, "column": 39 } }]
            },
            "24": {
                "type": "branch",
                "line": 144,
                "loc": { "start": { "line": 144, "column": 44 }, "end": { "line": 144, "column": 45 } },
                "locations": [{ "start": { "line": 144, "column": 44 }, "end": { "line": 144, "column": 45 } }]
            },
            "25": {
                "type": "branch",
                "line": 151,
                "loc": { "start": { "line": 151, "column": 40 }, "end": { "line": 151, "column": 41 } },
                "locations": [{ "start": { "line": 151, "column": 40 }, "end": { "line": 151, "column": 41 } }]
            }
        },
        "b": {
            "0": [2],
            "1": [2],
            "2": [4],
            "3": [3],
            "4": [2],
            "5": [1],
            "6": [1],
            "7": [3],
            "8": [2],
            "9": [1],
            "10": [1],
            "11": [4],
            "12": [4],
            "13": [0],
            "14": [4],
            "15": [0],
            "16": [0],
            "17": [0],
            "18": [0],
            "19": [4],
            "20": [0],
            "21": [0],
            "22": [0],
            "23": [0],
            "24": [0],
            "25": [0]
        },
        "fnMap": {
            "0": {
                "name": "getImage",
                "decl": { "start": { "line": 8, "column": 19 }, "end": { "line": 46, "column": 5 } },
                "loc": { "start": { "line": 8, "column": 19 }, "end": { "line": 46, "column": 5 } },
                "line": 8
            }
        },
        "f": { "0": 4 }
    },
    "C:\\Users\\zarch\\Documents\\projects\\Link-Analyzer-Editor\\src\\component\\library\\Search.svelte": {
        "path": "C:\\Users\\zarch\\Documents\\projects\\Link-Analyzer-Editor\\src\\component\\library\\Search.svelte",
        "all": false,
        "statementMap": {
            "0": { "start": { "line": 1, "column": 0 }, "end": { "line": 1, "column": 8 } },
            "4": { "start": { "line": 5, "column": 0 }, "end": { "line": 5, "column": 33 } },
            "6": { "start": { "line": 7, "column": 0 }, "end": { "line": 7, "column": 43 } },
            "7": { "start": { "line": 8, "column": 0 }, "end": { "line": 8, "column": 63 } },
            "8": { "start": { "line": 9, "column": 0 }, "end": { "line": 9, "column": 97 } },
            "9": { "start": { "line": 10, "column": 0 }, "end": { "line": 10, "column": 57 } },
            "10": { "start": { "line": 11, "column": 0 }, "end": { "line": 11, "column": 28 } },
            "11": { "start": { "line": 12, "column": 0 }, "end": { "line": 12, "column": 5 } },
            "16": { "start": { "line": 17, "column": 0 }, "end": { "line": 17, "column": 155 } },
            "17": { "start": { "line": 18, "column": 0 }, "end": { "line": 18, "column": 162 } },
            "18": { "start": { "line": 19, "column": 0 }, "end": { "line": 19, "column": 91 } }
        },
        "s": { "0": 2, "4": 1, "6": 1, "7": 1, "8": 1, "9": 1, "10": 1, "11": 1, "16": 1, "17": 1, "18": 1 },
        "branchMap": {
            "0": {
                "type": "branch",
                "line": 1,
                "loc": { "start": { "line": 1, "column": 0 }, "end": { "line": 1, "column": 8 } },
                "locations": [{ "start": { "line": 1, "column": 0 }, "end": { "line": 1, "column": 8 } }]
            },
            "1": {
                "type": "branch",
                "line": 1,
                "loc": { "start": { "line": 1, "column": 0 }, "end": { "line": 1, "column": 8 } },
                "locations": [{ "start": { "line": 1, "column": 0 }, "end": { "line": 1, "column": 8 } }]
            },
            "2": {
                "type": "branch",
                "line": 7,
                "loc": { "start": { "line": 7, "column": 19 }, "end": { "line": 12, "column": 5 } },
                "locations": [{ "start": { "line": 7, "column": 19 }, "end": { "line": 12, "column": 5 } }]
            },
            "3": {
                "type": "branch",
                "line": 19,
                "loc": { "start": { "line": 19, "column": 62 }, "end": { "line": 19, "column": 91 } },
                "locations": [{ "start": { "line": 19, "column": 62 }, "end": { "line": 19, "column": 91 } }]
            },
            "4": {
                "type": "branch",
                "line": 18,
                "loc": { "start": { "line": 18, "column": 47 }, "end": { "line": 18, "column": 74 } },
                "locations": [{ "start": { "line": 18, "column": 47 }, "end": { "line": 18, "column": 74 } }]
            },
            "5": {
                "type": "branch",
                "line": 18,
                "loc": { "start": { "line": 18, "column": 47 }, "end": { "line": 18, "column": 49 } },
                "locations": [{ "start": { "line": 18, "column": 47 }, "end": { "line": 18, "column": 49 } }]
            },
            "6": {
                "type": "branch",
                "line": 18,
                "loc": { "start": { "line": 18, "column": 49 }, "end": { "line": 18, "column": 62 } },
                "locations": [{ "start": { "line": 18, "column": 49 }, "end": { "line": 18, "column": 62 } }]
            },
            "7": {
                "type": "branch",
                "line": 18,
                "loc": { "start": { "line": 18, "column": 62 }, "end": { "line": 18, "column": 74 } },
                "locations": [{ "start": { "line": 18, "column": 62 }, "end": { "line": 18, "column": 74 } }]
            },
            "8": {
                "type": "branch",
                "line": 17,
                "loc": { "start": { "line": 17, "column": 82 }, "end": { "line": 17, "column": 155 } },
                "locations": [{ "start": { "line": 17, "column": 82 }, "end": { "line": 17, "column": 155 } }]
            }
        },
        "b": { "0": [2], "1": [2], "2": [1], "3": [1], "4": [2], "5": [1], "6": [1], "7": [0], "8": [5] },
        "fnMap": {
            "0": {
                "name": "getLinkAnalyzerPinout",
                "decl": { "start": { "line": 7, "column": 19 }, "end": { "line": 12, "column": 5 } },
                "loc": { "start": { "line": 7, "column": 19 }, "end": { "line": 12, "column": 5 } },
                "line": 7
            },
            "1": {
                "name": "on_click",
                "decl": { "start": { "line": 19, "column": 62 }, "end": { "line": 19, "column": 91 } },
[...]
            "115": { "start": { "line": 116, "column": 0 }, "end": { "line": 116, "column": 105 } },
            "116": { "start": { "line": 117, "column": 0 }, "end": { "line": 117, "column": 101 } },
            "117": { "start": { "line": 118, "column": 0 }, "end": { "line": 118, "column": 103 } }
        },
        "s": {
            "0": 1,
            "13": 1,
            "14": 1,
            "16": 1,
            "17": 2,
            "19": 2,
            "20": 2,
            "21": 1,
            "22": 1,
            "23": 1,
            "24": 1,
            "25": 1,
            "27": 2,
            "28": 2,
            "30": 1,
            "31": 2,
            "32": 2,
            "34": 2,
            "35": 2,
            "36": 2,
            "37": 9,
            "38": 9,
            "39": 9,
            "41": 9,
            "42": 8,
            "43": 1,
            "45": 1,
            "47": 1,
            "48": 1,
            "49": 1,
            "51": 2,
            "52": 2,
            "54": 1,
            "55": 3,
            "56": 3,
            "57": 2,
            "58": 2,
            "59": 2,
            "60": 2,
            "61": 3,
            "62": 1,
            "63": 1,
            "65": 3,
            "67": 1,
            "68": 3,
            "69": 3,
            "70": 1,
            "71": 1,
            "72": 1,
            "73": 3,
            "74": 2,
            "75": 2,
            "76": 3,
            "81": 1,
            "82": 1,
            "83": 1,
            "84": 1,
            "85": 1,
            "86": 1,
            "92": 1,
            "96": 1,
            "99": 1,
            "102": 1,
            "103": 1,
            "106": 1,
            "107": 1,
            "110": 1,
            "111": 1,
            "114": 1,
            "115": 1,
            "116": 1,
            "117": 1
        },
        "branchMap": {
            "0": {
                "type": "branch",
                "line": 17,
                "loc": { "start": { "line": 17, "column": 19 }, "end": { "line": 29, "column": 5 } },
                "locations": [{ "start": { "line": 17, "column": 19 }, "end": { "line": 29, "column": 5 } }]
            },
            "1": {
                "type": "branch",
                "line": 21,
                "loc": { "start": { "line": 21, "column": 58 }, "end": { "line": 26, "column": 7 } },
                "locations": [{ "start": { "line": 21, "column": 58 }, "end": { "line": 26, "column": 7 } }]
            },
            "2": {
                "type": "branch",
                "line": 31,
                "loc": { "start": { "line": 31, "column": 19 }, "end": { "line": 53, "column": 5 } },
                "locations": [{ "start": { "line": 31, "column": 19 }, "end": { "line": 53, "column": 5 } }]
            },
            "3": {
                "type": "branch",
                "line": 37,
                "loc": { "start": { "line": 37, "column": 43 }, "end": { "line": 43, "column": 9 } },
                "locations": [{ "start": { "line": 37, "column": 43 }, "end": { "line": 43, "column": 9 } }]
            },
            "4": {
                "type": "branch",
                "line": 42,
                "loc": { "start": { "line": 42, "column": 52 }, "end": { "line": 43, "column": 9 } },
                "locations": [{ "start": { "line": 42, "column": 52 }, "end": { "line": 43, "column": 9 } }]
            },
            "5": {
                "type": "branch",
                "line": 43,
                "loc": { "start": { "line": 43, "column": 8 }, "end": { "line": 50, "column": 7 } },
                "locations": [{ "start": { "line": 43, "column": 8 }, "end": { "line": 50, "column": 7 } }]
            },
            "6": {
                "type": "branch",
                "line": 49,
                "loc": { "start": { "line": 49, "column": 64 }, "end": { "line": 49, "column": 76 } },
                "locations": [{ "start": { "line": 49, "column": 64 }, "end": { "line": 49, "column": 76 } }]
            },
            "7": {
                "type": "branch",
                "line": 55,
                "loc": { "start": { "line": 55, "column": 19 }, "end": { "line": 66, "column": 5 } },
                "locations": [{ "start": { "line": 55, "column": 19 }, "end": { "line": 66, "column": 5 } }]
            },
            "8": {
                "type": "branch",
                "line": 57,
                "loc": { "start": { "line": 57, "column": 43 }, "end": { "line": 61, "column": 9 } },
                "locations": [{ "start": { "line": 57, "column": 43 }, "end": { "line": 61, "column": 9 } }]
            },
            "9": {
                "type": "branch",
                "line": 62,
                "loc": { "start": { "line": 62, "column": 7 }, "end": { "line": 64, "column": 7 } },
                "locations": [{ "start": { "line": 62, "column": 7 }, "end": { "line": 64, "column": 7 } }]
            },
            "10": {
                "type": "branch",
                "line": 68,
                "loc": { "start": { "line": 68, "column": 19 }, "end": { "line": 77, "column": 5 } },
                "locations": [{ "start": { "line": 68, "column": 19 }, "end": { "line": 77, "column": 5 } }]
            },
            "11": {
                "type": "branch",
                "line": 70,
                "loc": { "start": { "line": 70, "column": 53 }, "end": { "line": 73, "column": 9 } },
                "locations": [{ "start": { "line": 70, "column": 53 }, "end": { "line": 73, "column": 9 } }]
            },
            "12": {
                "type": "branch",
                "line": 74,
                "loc": { "start": { "line": 74, "column": 7 }, "end": { "line": 76, "column": 7 } },
                "locations": [{ "start": { "line": 74, "column": 7 }, "end": { "line": 76, "column": 7 } }]
            },
            "13": {
                "type": "branch",
                "line": 97,
                "loc": { "start": { "line": 97, "column": 58 }, "end": { "line": 97, "column": 63 } },
                "locations": [{ "start": { "line": 97, "column": 58 }, "end": { "line": 97, "column": 63 } }]
            },
            "14": {
                "type": "branch",
                "line": 97,
                "loc": { "start": { "line": 97, "column": 62 }, "end": { "line": 97, "column": 63 } },
                "locations": [{ "start": { "line": 97, "column": 62 }, "end": { "line": 97, "column": 63 } }]
            },
            "15": {
                "type": "branch",
                "line": 97,
                "loc": { "start": { "line": 97, "column": 58 }, "end": { "line": 97, "column": 69 } },
                "locations": [{ "start": { "line": 97, "column": 58 }, "end": { "line": 97, "column": 69 } }]
            },
            "16": {
                "type": "branch",
                "line": 100,
                "loc": { "start": { "line": 100, "column": 74 }, "end": { "line": 100, "column": 79 } },
                "locations": [{ "start": { "line": 100, "column": 74 }, "end": { "line": 100, "column": 79 } }]
            },
            "17": {
                "type": "branch",
                "line": 100,
                "loc": { "start": { "line": 100, "column": 78 }, "end": { "line": 100, "column": 79 } },
                "locations": [{ "start": { "line": 100, "column": 78 }, "end": { "line": 100, "column": 79 } }]
            },
            "18": {
                "type": "branch",
                "line": 100,
                "loc": { "start": { "line": 100, "column": 74 }, "end": { "line": 100, "column": 84 } },
                "locations": [{ "start": { "line": 100, "column": 74 }, "end": { "line": 100, "column": 84 } }]
            },
            "19": {
                "type": "branch",
                "line": 103,
                "loc": { "start": { "line": 103, "column": 78 }, "end": { "line": 103, "column": 83 } },
                "locations": [{ "start": { "line": 103, "column": 78 }, "end": { "line": 103, "column": 83 } }]
            },
            "20": {
                "type": "branch",
                "line": 103,
                "loc": { "start": { "line": 103, "column": 82 }, "end": { "line": 103, "column": 83 } },
                "locations": [{ "start": { "line": 103, "column": 82 }, "end": { "line": 103, "column": 83 } }]
            },
            "21": {
                "type": "branch",
                "line": 103,
                "loc": { "start": { "line": 103, "column": 78 }, "end": { "line": 103, "column": 88 } },
                "locations": [{ "start": { "line": 103, "column": 78 }, "end": { "line": 103, "column": 88 } }]
            },
            "22": {
                "type": "branch",
                "line": 104,
                "loc": { "start": { "line": 104, "column": 76 }, "end": { "line": 104, "column": 81 } },
                "locations": [{ "start": { "line": 104, "column": 76 }, "end": { "line": 104, "column": 81 } }]
            },
            "23": {
                "type": "branch",
                "line": 104,
                "loc": { "start": { "line": 104, "column": 80 }, "end": { "line": 104, "column": 81 } },
                "locations": [{ "start": { "line": 104, "column": 80 }, "end": { "line": 104, "column": 81 } }]
            },
            "24": {
                "type": "branch",
                "line": 104,
                "loc": { "start": { "line": 104, "column": 76 }, "end": { "line": 104, "column": 91 } },
                "locations": [{ "start": { "line": 104, "column": 76 }, "end": { "line": 104, "column": 91 } }]
            },
            "25": {
                "type": "branch",
                "line": 107,
                "loc": { "start": { "line": 107, "column": 75 }, "end": { "line": 107, "column": 80 } },
                "locations": [{ "start": { "line": 107, "column": 75 }, "end": { "line": 107, "column": 80 } }]
            },
            "26": {
                "type": "branch",
                "line": 107,
                "loc": { "start": { "line": 107, "column": 79 }, "end": { "line": 107, "column": 80 } },
                "locations": [{ "start": { "line": 107, "column": 79 }, "end": { "line": 107, "column": 80 } }]
            },
            "27": {
                "type": "branch",
                "line": 107,
                "loc": { "start": { "line": 107, "column": 75 }, "end": { "line": 107, "column": 86 } },
                "locations": [{ "start": { "line": 107, "column": 75 }, "end": { "line": 107, "column": 86 } }]
            },
            "28": {
                "type": "branch",
                "line": 108,
                "loc": { "start": { "line": 108, "column": 77 }, "end": { "line": 108, "column": 82 } },
                "locations": [{ "start": { "line": 108, "column": 77 }, "end": { "line": 108, "column": 82 } }]
            },
            "29": {
                "type": "branch",
                "line": 108,
                "loc": { "start": { "line": 108, "column": 81 }, "end": { "line": 108, "column": 82 } },
                "locations": [{ "start": { "line": 108, "column": 81 }, "end": { "line": 108, "column": 82 } }]
            },
            "30": {
                "type": "branch",
                "line": 108,
                "loc": { "start": { "line": 108, "column": 77 }, "end": { "line": 108, "column": 88 } },
                "locations": [{ "start": { "line": 108, "column": 77 }, "end": { "line": 108, "column": 88 } }]
            },
            "31": {
                "type": "branch",
                "line": 111,
                "loc": { "start": { "line": 111, "column": 77 }, "end": { "line": 111, "column": 82 } },
                "locations": [{ "start": { "line": 111, "column": 77 }, "end": { "line": 111, "column": 82 } }]
            },
            "32": {
                "type": "branch",
                "line": 111,
                "loc": { "start": { "line": 111, "column": 81 }, "end": { "line": 111, "column": 82 } },
                "locations": [{ "start": { "line": 111, "column": 81 }, "end": { "line": 111, "column": 82 } }]
            },
            "33": {
                "type": "branch",
                "line": 111,
                "loc": { "start": { "line": 111, "column": 77 }, "end": { "line": 111, "column": 86 } },
                "locations": [{ "start": { "line": 111, "column": 77 }, "end": { "line": 111, "column": 86 } }]
            },
            "34": {
                "type": "branch",
                "line": 112,
                "loc": { "start": { "line": 112, "column": 79 }, "end": { "line": 112, "column": 84 } },
                "locations": [{ "start": { "line": 112, "column": 79 }, "end": { "line": 112, "column": 84 } }]
            },
            "35": {
                "type": "branch",
                "line": 112,
                "loc": { "start": { "line": 112, "column": 83 }, "end": { "line": 112, "column": 84 } },
                "locations": [{ "start": { "line": 112, "column": 83 }, "end": { "line": 112, "column": 84 } }]
            },
            "36": {
                "type": "branch",
                "line": 112,
                "loc": { "start": { "line": 112, "column": 79 }, "end": { "line": 112, "column": 90 } },
                "locations": [{ "start": { "line": 112, "column": 79 }, "end": { "line": 112, "column": 90 } }]
            },
            "37": {
                "type": "branch",
                "line": 115,
                "loc": { "start": { "line": 115, "column": 81 }, "end": { "line": 115, "column": 86 } },
                "locations": [{ "start": { "line": 115, "column": 81 }, "end": { "line": 115, "column": 86 } }]
            },
            "38": {
                "type": "branch",
                "line": 115,
                "loc": { "start": { "line": 115, "column": 85 }, "end": { "line": 115, "column": 86 } },
                "locations": [{ "start": { "line": 115, "column": 85 }, "end": { "line": 115, "column": 86 } }]
            },
            "39": {
                "type": "branch",
                "line": 115,
                "loc": { "start": { "line": 115, "column": 81 }, "end": { "line": 115, "column": 99 } },
                "locations": [{ "start": { "line": 115, "column": 81 }, "end": { "line": 115, "column": 99 } }]
            },
            "40": {
                "type": "branch",
                "line": 116,
                "loc": { "start": { "line": 116, "column": 79 }, "end": { "line": 116, "column": 84 } },
                "locations": [{ "start": { "line": 116, "column": 79 }, "end": { "line": 116, "column": 84 } }]
            },
            "41": {
                "type": "branch",
                "line": 116,
                "loc": { "start": { "line": 116, "column": 83 }, "end": { "line": 116, "column": 84 } },
                "locations": [{ "start": { "line": 116, "column": 83 }, "end": { "line": 116, "column": 84 } }]
            },
            "42": {
                "type": "branch",
                "line": 116,
                "loc": { "start": { "line": 116, "column": 79 }, "end": { "line": 116, "column": 95 } },
                "locations": [{ "start": { "line": 116, "column": 79 }, "end": { "line": 116, "column": 95 } }]
            },
            "43": {
                "type": "branch",
                "line": 117,
                "loc": { "start": { "line": 117, "column": 77 }, "end": { "line": 117, "column": 82 } },
                "locations": [{ "start": { "line": 117, "column": 77 }, "end": { "line": 117, "column": 82 } }]
            },
            "44": {
                "type": "branch",
                "line": 117,
                "loc": { "start": { "line": 117, "column": 81 }, "end": { "line": 117, "column": 82 } },
                "locations": [{ "start": { "line": 117, "column": 81 }, "end": { "line": 117, "column": 82 } }]
            },
            "45": {
                "type": "branch",
                "line": 117,
                "loc": { "start": { "line": 117, "column": 77 }, "end": { "line": 117, "column": 91 } },
                "locations": [{ "start": { "line": 117, "column": 77 }, "end": { "line": 117, "column": 91 } }]
            },
            "46": {
                "type": "branch",
                "line": 118,
                "loc": { "start": { "line": 118, "column": 78 }, "end": { "line": 118, "column": 83 } },
                "locations": [{ "start": { "line": 118, "column": 78 }, "end": { "line": 118, "column": 83 } }]
            },
            "47": {
                "type": "branch",
                "line": 118,
                "loc": { "start": { "line": 118, "column": 82 }, "end": { "line": 118, "column": 83 } },
                "locations": [{ "start": { "line": 118, "column": 82 }, "end": { "line": 118, "column": 83 } }]
            },
            "48": {
                "type": "branch",
                "line": 118,
                "loc": { "start": { "line": 118, "column": 78 }, "end": { "line": 118, "column": 93 } },
                "locations": [{ "start": { "line": 118, "column": 78 }, "end": { "line": 118, "column": 93 } }]
            },
            "49": {
                "type": "branch",
                "line": 93,
                "loc": { "start": { "line": 93, "column": 15 }, "end": { "line": 93, "column": 16 } },
                "locations": [{ "start": { "line": 93, "column": 15 }, "end": { "line": 93, "column": 16 } }]
            }
        },
        "b": {
            "0": [2],
            "1": [1],
            "2": [2],
            "3": [9],
            "4": [8],
            "5": [1],
            "6": [0],
            "7": [3],
            "8": [2],
            "9": [1],
            "10": [3],
            "11": [1],
            "12": [2],
            "13": [4],
            "14": [4],
            "15": [4],
            "16": [4],
            "17": [4],
            "18": [4],
            "19": [4],
            "20": [4],
            "21": [4],
            "22": [4],
            "23": [4],
            "24": [4],
            "25": [4],
            "26": [4],
            "27": [4],
            "28": [4],
            "29": [4],
            "30": [4],
            "31": [4],
            "32": [4],
            "33": [4],
            "34": [4],
            "35": [4],
            "36": [4],
            "37": [4],
            "38": [4],
            "39": [4],
            "40": [4],
            "41": [4],
            "42": [4],
            "43": [4],
            "44": [4],
            "45": [4],
            "46": [4],
            "47": [4],
            "48": [4],
            "49": [4]
        },
        "fnMap": {
            "0": {
                "name": "readNaviData",
                "decl": { "start": { "line": 17, "column": 19 }, "end": { "line": 29, "column": 5 } },
                "loc": { "start": { "line": 17, "column": 19 }, "end": { "line": 29, "column": 5 } },
                "line": 17
            },
            "1": {
                "name": "writeNaviData",
                "decl": { "start": { "line": 31, "column": 19 }, "end": { "line": 53, "column": 5 } },
                "loc": { "start": { "line": 31, "column": 19 }, "end": { "line": 53, "column": 5 } },
                "line": 31
            },
            "2": {
                "name": "openNaviFile",
                "decl": { "start": { "line": 55, "column": 19 }, "end": { "line": 66, "column": 5 } },
                "loc": { "start": { "line": 55, "column": 19 }, "end": { "line": 66, "column": 5 } },
                "line": 55
            },
            "3": {
                "name": "saveNaviFile",
                "decl": { "start": { "line": 68, "column": 19 }, "end": { "line": 77, "column": 5 } },
                "loc": { "start": { "line": 68, "column": 19 }, "end": { "line": 77, "column": 5 } },
                "line": 68
            }
        },
        "f": { "0": 2, "1": 2, "2": 3, "3": 3 }
    }
}
