TN:
SF:src\App.svelte
FNF:0
FNH:0
DA:1,1
DA:7,1
DA:8,1
DA:13,1
DA:16,1
DA:17,1
DA:19,1
LF:7
LH:7
BRDA:1,0,0,1
BRDA:1,1,0,1
BRDA:13,2,0,1
BRDA:13,3,0,1
BRDA:16,4,0,0
BRF:5
BRH:4
end_of_record
TN:
SF:src\main.js
FN:1,(empty-report)
FNF:1
FNH:0
FNDA:0,(empty-report)
DA:1,0
DA:2,0
DA:3,0
DA:4,0
DA:5,0
DA:6,0
DA:7,0
DA:8,0
LF:8
LH:0
BRDA:1,0,0,0
BRF:1
BRH:0
end_of_record
TN:
SF:src\component\SideBar.svelte
FN:64,on_click
FN:71,on_click_1
FN:9,connect
FNF:3
FNH:2
FNDA:0,on_click
FNDA:1,on_click_1
FNDA:4,connect
DA:1,1
DA:6,1
DA:7,1
DA:9,1
DA:10,4
DA:11,1
DA:13,1
DA:15,4
DA:16,2
DA:17,2
DA:19,2
DA:20,1
DA:21,1
DA:24,1
DA:25,0
DA:26,1
DA:28,1
DA:29,1
DA:30,1
DA:31,1
DA:32,1
DA:33,4
DA:34,1
DA:35,1
DA:36,1
DA:37,1
DA:38,3
DA:39,3
DA:50,1
DA:51,1
DA:53,1
DA:64,1
DA:71,1
LF:33
LH:32
BRDA:1,0,0,1
BRDA:1,1,0,1
BRDA:71,2,0,1
BRDA:9,3,0,4
BRDA:10,4,0,1
BRDA:13,5,0,3
BRDA:15,6,0,2
BRDA:19,7,0,1
BRDA:33,8,0,1
BRDA:37,9,0,3
BRDA:53,10,0,2
BRDA:53,11,0,3
BRDA:51,12,0,7
BRDA:51,13,0,5
BRDA:50,14,0,4
BRDA:50,15,0,4
BRDA:50,16,0,0
BRDA:50,17,0,4
BRDA:50,18,0,4
BRDA:64,19,0,1
BRDA:64,20,0,7
BRDA:64,21,0,0
BRDA:71,22,0,1
BRDA:71,23,0,7
BRDA:71,24,0,0
BRF:25
BRH:22
end_of_record
TN:
SF:src\component\Toasts.svelte
FNF:0
FNH:0
DA:1,1
DA:5,1
DA:6,1
DA:7,1
DA:8,1
DA:9,1
DA:11,1
DA:12,1
DA:13,1
DA:14,1
DA:16,1
DA:17,1
DA:18,1
DA:19,1
DA:21,1
DA:22,1
DA:23,1
DA:24,1
DA:28,1
DA:29,1
DA:31,1
DA:32,20
DA:33,20
DA:34,2
DA:35,1
DA:36,1
DA:37,20
DA:38,1
DA:40,1
DA:41,2
DA:42,2
DA:43,2
DA:44,2
DA:45,2
DA:46,2
DA:48,2
DA:49,1
DA:51,1
DA:52,2
DA:53,2
DA:54,1
DA:59,1
DA:60,1
DA:62,1
DA:65,1
LF:45
LH:45
BRDA:1,0,0,1
BRDA:1,1,0,1
BRDA:31,2,0,20
BRDA:33,3,0,2
BRDA:34,4,0,1
BRDA:40,5,0,2
BRDA:41,6,0,2
BRDA:51,7,0,2
BRDA:59,8,0,24
BRDA:60,9,0,0
BRDA:60,10,0,0
BRDA:60,11,0,0
BRDA:62,12,0,0
BRF:13
BRH:9
end_of_record
TN:
SF:src\component\editor\ImageField.svelte
FN:16,uploadSprite
FN:52,on_click
FN:10,setImage
FN:28,saveSprite
FNF:4
FNH:4
FNDA:2,uploadSprite
FNDA:2,on_click
FNDA:5,setImage
FNDA:2,saveSprite
DA:1,1
DA:6,1
DA:7,1
DA:8,1
DA:10,1
DA:11,5
DA:12,5
DA:13,5
DA:14,5
DA:16,1
DA:17,2
DA:18,2
DA:19,1
DA:20,1
DA:21,1
DA:22,1
DA:23,2
DA:24,1
DA:25,1
DA:26,2
DA:28,1
DA:29,2
DA:30,2
DA:31,1
DA:32,1
DA:33,1
DA:34,2
DA:35,1
DA:36,1
DA:37,2
DA:39,1
DA:40,5
DA:41,1
DA:48,1
DA:51,1
DA:52,1
LF:36
LH:36
BRDA:1,0,0,1
BRDA:1,1,0,1
BRDA:16,2,0,2
BRDA:18,3,0,1
BRDA:23,4,0,1
BRDA:52,5,0,2
BRDA:10,6,0,5
BRDA:28,7,0,2
BRDA:30,8,0,1
BRDA:34,9,0,1
BRDA:39,10,0,5
BRF:11
BRH:11
end_of_record
TN:
SF:src\component\editor\NaviEditorTopBar.svelte
FNF:0
FNH:0
DA:1,1
DA:2,1
DA:11,1
DA:15,1
DA:23,1
LF:5
LH:5
BRDA:1,0,0,1
BRDA:1,1,0,1
BRDA:11,2,0,1
BRDA:11,3,0,3
BRDA:11,4,0,0
BRDA:15,5,0,1
BRDA:15,6,0,3
BRDA:15,7,0,0
BRDA:15,8,0,1
BRDA:15,9,0,3
BRDA:15,10,0,0
BRDA:23,11,0,1
BRDA:23,12,0,3
BRDA:23,13,0,0
BRF:14
BRH:10
end_of_record
TN:
SF:src\component\editor\NaviField.svelte
FN:32,a.__click
FNF:1
FNH:1
FNDA:1,a.__click
DA:1,1
DA:2,1
DA:4,1
DA:5,1
DA:6,1
DA:7,1
DA:8,1
DA:9,1
DA:10,1
DA:11,1
DA:12,1
DA:13,1
DA:14,1
DA:15,1
DA:16,1
DA:17,1
DA:18,1
DA:19,1
DA:20,1
DA:27,1
DA:30,1
DA:32,1
LF:22
LH:22
BRDA:1,0,0,1
BRDA:1,1,0,1
BRDA:30,2,0,1
BRDA:32,3,0,1
BRDA:32,4,0,16
BRDA:27,5,0,2
BRF:6
BRH:6
end_of_record
TN:
SF:src\component\editor\NumberField.svelte
FN:8,validate
FNF:1
FNH:1
FNDA:5,validate
DA:1,1
DA:4,1
DA:6,1
DA:8,1
DA:9,5
DA:10,5
DA:12,1
DA:13,4
DA:14,1
DA:20,1
LF:10
LH:10
BRDA:8,0,0,5
BRDA:9,1,0,3
BRDA:12,2,0,4
BRDA:20,3,0,4
BRDA:20,4,0,2
BRDA:20,5,0,0
BRF:6
BRH:5
end_of_record
TN:
SF:src\component\editor\VersionUpdate.svelte
FN:19,openFirmware
FN:23,openGuide
FN:9,startup
FN:14,getCurrentReleaseVersion
FN:27,getLinkAnalyzerVersion
FNF:5
FNH:5
FNDA:1,openFirmware
FNDA:1,openGuide
FNDA:4,startup
FNDA:4,getCurrentReleaseVersion
FNDA:4,getLinkAnalyzerVersion
DA:1,1
DA:6,1
DA:7,1
DA:9,1
DA:10,4
DA:11,4
DA:12,4
DA:14,1
DA:15,4
DA:16,4
DA:17,4
DA:19,1
DA:20,1
DA:21,1
DA:23,1
DA:24,1
DA:25,1
DA:27,1
DA:28,4
DA:29,4
DA:30,4
DA:31,4
DA:33,1
DA:37,1
DA:42,1
DA:43,1
DA:46,1
DA:47,1
LF:28
LH:28
BRDA:19,0,0,1
BRDA:23,1,0,1
BRDA:9,2,0,4
BRDA:14,3,0,4
BRDA:27,4,0,4
BRDA:42,5,0,0
BRDA:43,6,0,0
BRDA:37,7,0,4
BRDA:37,8,0,3
BRF:9
BRH:7
end_of_record
TN:
SF:src\component\library\Chip.svelte
FN:8,getImage
FNF:1
FNH:1
FNDA:4,getImage
DA:1,2
DA:6,1
DA:8,1
DA:9,4
DA:11,4
DA:12,4
DA:13,4
DA:16,4
DA:17,2
DA:18,2
DA:19,2
DA:20,4
DA:21,1
DA:22,1
DA:23,4
DA:24,1
DA:25,1
DA:26,1
DA:29,4
DA:30,4
DA:31,4
DA:34,4
DA:35,2
DA:36,2
DA:37,2
DA:38,4
DA:39,1
DA:40,1
DA:41,4
DA:42,1
DA:43,1
DA:44,1
DA:46,4
DA:48,1
DA:49,4
DA:50,1
DA:57,1
DA:59,1
DA:61,1
DA:68,1
DA:74,1
DA:81,1
DA:84,1
DA:88,1
DA:91,1
DA:95,1
DA:98,1
DA:101,1
DA:109,1
DA:112,1
DA:116,1
DA:119,1
DA:123,1
DA:126,1
DA:129,1
DA:137,1
DA:140,1
DA:144,1
DA:147,1
DA:151,1
DA:154,1
DA:157,1
LF:62
LH:62
BRDA:1,0,0,2
BRDA:1,1,0,2
BRDA:8,2,0,4
BRDA:13,3,0,3
BRDA:16,4,0,2
BRDA:20,5,0,1
BRDA:23,6,0,1
BRDA:31,7,0,3
BRDA:34,8,0,2
BRDA:38,9,0,1
BRDA:41,10,0,1
BRDA:48,11,0,4
BRDA:59,12,0,4
BRDA:84,13,0,3
BRDA:81,14,0,3
BRDA:91,15,0,3
BRDA:88,16,0,3
BRDA:98,17,0,3
BRDA:95,18,0,3
BRDA:101,19,0,1
BRDA:101,20,0,1
BRDA:101,21,0,1
BRDA:112,22,0,3
BRDA:109,23,0,3
BRDA:119,24,0,3
BRDA:116,25,0,3
BRDA:126,26,0,3
BRDA:123,27,0,3
BRDA:129,28,0,1
BRDA:129,29,0,1
BRDA:129,30,0,1
BRDA:140,31,0,3
BRDA:137,32,0,3
BRDA:147,33,0,3
BRDA:144,34,0,3
BRDA:154,35,0,3
BRDA:151,36,0,3
BRDA:157,37,0,1
BRDA:157,38,0,1
BRDA:157,39,0,1
BRF:40
BRH:40
end_of_record
TN:
SF:src\component\library\Search.svelte
FN:7,getLinkAnalyzerPinout
FN:19,on_click
FNF:2
FNH:2
FNDA:1,getLinkAnalyzerPinout
FNDA:1,on_click
DA:1,2
DA:5,1
DA:7,1
DA:8,1
DA:9,1
DA:10,1
DA:11,1
DA:12,1
DA:17,1
DA:18,1
DA:19,1
LF:11
LH:11
BRDA:1,0,0,2
BRDA:1,1,0,2
BRDA:7,2,0,1
BRDA:19,3,0,1
BRDA:18,4,0,2
BRDA:18,5,0,1
BRDA:18,6,0,1
BRDA:18,7,0,0
BRDA:17,8,0,5
BRF:9
BRH:8
end_of_record
TN:
SF:src\lib\FileUtil.js
FN:5,saveNavi
FN:32,openNavi
FN:65,saveImage
FN:96,openImage
FNF:4
FNH:4
FNDA:3,saveNavi
FNDA:4,openNavi
FNDA:3,saveImage
FNDA:2,openImage
DA:1,1
DA:2,1
DA:3,1
DA:4,1
DA:5,3
DA:6,3
DA:7,3
DA:8,3
DA:9,3
DA:10,3
DA:11,3
DA:12,3
DA:13,3
DA:14,3
DA:15,3
DA:16,3
DA:17,3
DA:18,3
DA:19,1
DA:20,1
DA:21,1
DA:22,1
DA:23,1
DA:24,1
DA:25,3
DA:26,2
DA:27,1
DA:28,1
DA:29,2
DA:30,3
DA:31,1
DA:32,4
DA:33,4
DA:34,4
DA:35,4
DA:36,4
DA:37,4
DA:38,4
DA:39,4
DA:40,4
DA:41,4
DA:42,4
DA:43,2
DA:44,2
DA:45,2
DA:46,2
DA:47,2
DA:48,2
DA:49,4
DA:50,1
DA:51,1
DA:52,1
DA:53,4
DA:54,1024
DA:55,1024
DA:56,1
DA:57,1
DA:58,4
DA:59,3
DA:60,2
DA:61,2
DA:62,3
DA:63,4
DA:64,1
DA:65,3
DA:66,3
DA:67,3
DA:68,3
DA:69,3
DA:70,3
DA:71,3
DA:72,3
DA:73,3
DA:74,3
DA:75,3
DA:76,2
DA:77,2
DA:78,2
DA:79,2
DA:80,2
DA:81,3
DA:82,1
DA:83,1
DA:84,2
DA:85,2
DA:86,2
DA:87,2
DA:88,2
DA:89,3
DA:90,1
DA:91,1
DA:92,1
DA:93,1
DA:94,3
DA:95,1
DA:96,2
DA:97,2
DA:98,2
DA:99,2
DA:100,2
DA:101,2
DA:102,2
DA:103,2
DA:104,2
DA:105,2
DA:106,2
DA:107,1
DA:108,1
DA:109,1
DA:110,1
DA:111,1
DA:112,1
DA:113,1
DA:114,1
DA:115,1
DA:116,1
DA:117,2
DA:118,1
DA:119,1
LF:119
LH:119
BRDA:5,0,0,3
BRDA:19,1,0,1
BRDA:25,2,0,2
BRDA:26,3,0,1
BRDA:8,4,0,3072
BRDA:32,5,0,4
BRDA:43,6,0,2
BRDA:49,7,0,1
BRDA:53,8,0,1024
BRDA:55,9,0,1
BRDA:58,10,0,3
BRDA:59,11,0,2
BRDA:65,12,0,3
BRDA:76,13,0,2
BRDA:81,14,0,1
BRDA:83,15,0,2
BRDA:89,16,0,1
BRDA:96,17,0,2
BRDA:107,18,0,1
BRF:19
BRH:19
end_of_record
TN:
SF:src\lib\LinkAnalyzer.js
FN:1,connect
FN:8,write
FN:18,writeSync
FN:23,read
FNF:4
FNH:4
FNDA:1,connect
FNDA:2,write
FNDA:1,writeSync
FNDA:3,read
DA:1,1
DA:2,1
DA:3,1
DA:4,1
DA:5,1
DA:6,1
DA:7,1
DA:8,2
DA:9,2
DA:10,2
DA:11,2
DA:12,2
DA:13,2
DA:14,2
DA:15,2
DA:16,2
DA:17,1
DA:18,1
DA:19,1
DA:20,1
DA:21,1
DA:22,1
DA:23,3
DA:24,3
DA:25,3
DA:26,3
DA:27,3
DA:28,3
DA:29,3
DA:30,3
DA:31,3
DA:32,3
DA:33,2
DA:34,1
DA:35,1
DA:36,2
DA:37,2
DA:38,3
DA:39,3
DA:40,3
DA:41,3
DA:42,3
DA:43,3
DA:44,3
DA:45,3
DA:46,3
DA:47,3
DA:48,3
DA:49,3
DA:50,3
DA:51,3
DA:52,3
DA:53,1
DA:54,1
LF:54
LH:54
BRDA:1,0,0,1
BRDA:8,1,0,2
BRDA:18,2,0,1
BRDA:23,3,0,3
BRDA:27,4,0,3
BRDA:32,5,0,2
BRDA:33,6,0,1
BRF:7
BRH:7
end_of_record
TN:
SF:src\lib\LinkChip.js
FN:89,toObject
FN:110,toRaw
FN:130,getIntValue
FN:134,getRawValue
FN:138,setRawValue
FN:142,pinoutToBin
FN:146,replaceAt
FNF:7
FNH:7
FNDA:2,toObject
FNDA:6,toRaw
FNDA:18,getIntValue
FNDA:26,getRawValue
FNDA:62,setRawValue
FNDA:1,pinoutToBin
FNDA:62,replaceAt
DA:1,1
DA:2,1
DA:3,1
DA:4,1
DA:5,1
DA:6,1
DA:7,1
DA:8,1
DA:9,1
DA:10,1
DA:11,1
DA:12,1
DA:13,1
DA:14,1
DA:15,1
DA:16,1
DA:17,1
DA:18,1
DA:19,1
DA:20,1
DA:21,1
DA:22,1
DA:23,1
DA:24,1
DA:25,1
DA:26,1
DA:27,1
DA:28,1
DA:29,1
DA:30,1
DA:31,1
DA:32,1
DA:33,1
DA:34,1
DA:35,1
DA:36,1
DA:37,1
DA:38,1
DA:39,1
DA:40,1
DA:41,1
DA:42,1
DA:43,1
DA:44,1
DA:45,1
DA:46,1
DA:47,1
DA:48,1
DA:49,1
DA:50,1
DA:51,1
DA:52,1
DA:53,1
DA:54,1
DA:55,1
DA:56,1
DA:57,1
DA:58,1
DA:59,1
DA:60,1
DA:61,1
DA:62,1
DA:63,1
DA:64,1
DA:65,1
DA:66,1
DA:67,1
DA:68,1
DA:69,1
DA:70,1
DA:71,1
DA:72,1
DA:73,1
DA:74,1
DA:75,1
DA:76,1
DA:77,1
DA:78,1
DA:79,1
DA:80,1
DA:81,1
DA:82,1
DA:83,1
DA:84,1
DA:85,1
DA:86,1
DA:87,1
DA:88,1
DA:89,2
DA:90,2
DA:91,2
DA:92,2
DA:93,2
DA:94,2
DA:95,2
DA:96,2
DA:97,2
DA:98,2
DA:99,2
DA:100,2
DA:101,2
DA:102,2
DA:103,2
DA:104,2
DA:105,2
DA:106,2
DA:107,2
DA:108,2
DA:109,1
DA:110,6
DA:111,6
DA:112,6
DA:113,6
DA:114,68
DA:115,48
DA:116,48
DA:117,2
DA:118,2
DA:119,46
DA:120,46
DA:121,46
DA:122,68
DA:123,16
DA:124,16
DA:125,6
DA:126,6
DA:127,6
DA:128,6
DA:129,1
DA:130,18
DA:131,18
DA:132,18
DA:133,1
DA:134,26
DA:135,26
DA:136,26
DA:137,1
DA:138,62
DA:139,62
DA:140,62
DA:141,1
DA:142,1
DA:143,1
DA:144,1
DA:145,1
DA:146,62
DA:147,62
DA:148,62
DA:149,1
DA:150,1
LF:150
LH:150
BRDA:89,0,0,2
BRDA:110,1,0,6
BRDA:113,2,0,68
BRDA:114,3,0,64
BRDA:114,4,0,48
BRDA:115,5,0,30
BRDA:115,6,0,18
BRDA:116,7,0,47
BRDA:116,8,0,2
BRDA:118,9,0,46
BRDA:122,10,0,20
BRDA:122,11,0,16
BRDA:122,12,0,16
BRDA:130,13,0,18
BRDA:134,14,0,26
BRDA:138,15,0,62
BRDA:142,16,0,1
BRDA:146,17,0,62
BRF:18
BRH:18
end_of_record
TN:
SF:src\lib\Store.js
FN:5,publish
FN:11,subscribe
FNF:2
FNH:2
FNDA:1,publish
FNDA:1,subscribe
DA:1,1
DA:2,1
DA:3,1
DA:4,1
DA:5,1
DA:6,1
DA:7,1
DA:8,1
DA:9,1
DA:10,1
DA:11,1
DA:12,1
DA:13,2
DA:14,1
DA:15,1
DA:16,1
DA:17,1
DA:18,1
LF:18
LH:18
BRDA:5,0,0,1
BRDA:6,1,0,1
BRDA:11,2,0,1
BRDA:12,3,0,2
BRDA:13,4,0,1
BRF:5
BRH:5
end_of_record
TN:
SF:src\lib\imgUtil.js
FN:4,reverseBits
FN:13,createImageFromHex
FN:47,createHexFromImage
FNF:3
FNH:3
FNDA:960,reverseBits
FNDA:1,createImageFromHex
FNDA:2,createHexFromImage
DA:1,1
DA:2,1
DA:3,1
DA:4,960
DA:5,960
DA:6,960
DA:7,7680
DA:8,7680
DA:9,7680
DA:10,960
DA:11,960
DA:12,1
DA:13,1
DA:14,1
DA:15,1
DA:16,1
DA:17,1
DA:18,32
DA:19,1024
DA:20,1024
DA:21,1024
DA:22,1024
DA:23,1024
DA:24,1024
DA:25,960
DA:26,960
DA:27,960
DA:28,960
DA:29,960
DA:30,960
DA:31,1024
DA:32,1024
DA:33,1024
DA:34,1024
DA:35,32
DA:36,1
DA:37,1
DA:38,1
DA:39,1
DA:40,1
DA:41,1
DA:42,1
DA:43,1
DA:44,1
DA:45,1
DA:46,1
DA:47,2
DA:48,2
DA:49,2
DA:50,2
DA:51,1
DA:52,1
DA:53,1
DA:54,1
DA:55,1
DA:56,1
DA:57,1
DA:58,1
DA:59,2
DA:60,1024
DA:61,1024
DA:62,1024
DA:63,128
DA:64,128
DA:65,128
DA:66,1024
DA:67,1
DA:68,1
DA:69,1
DA:70,1
DA:71,1
LF:71
LH:71
BRDA:4,0,0,960
BRDA:6,1,0,7680
BRDA:13,2,0,1
BRDA:17,3,0,32
BRDA:18,4,0,1024
BRDA:24,5,0,960
BRDA:32,6,0,644
BRDA:32,7,0,380
BRDA:47,8,0,2
BRDA:50,9,0,1
BRDA:50,10,0,1
BRDA:59,11,0,1024
BRDA:60,12,0,644
BRDA:60,13,0,380
BRDA:62,14,0,128
BRDA:66,15,0,1
BRF:16
BRH:16
end_of_record
TN:
SF:src\lib\util.js
FN:1,hex2bin
FN:6,bin2hex
FN:11,flipEndainess
FN:15,hex2int
FN:32,int2hex
FN:55,delay
FNF:6
FNH:6
FNDA:1,hex2bin
FNDA:129,bin2hex
FNDA:129,flipEndainess
FNDA:22,hex2int
FNDA:1075,int2hex
FNDA:1,delay
DA:1,1
DA:2,1
DA:3,1
DA:4,1
DA:5,1
DA:6,129
DA:7,129
DA:8,129
DA:9,129
DA:10,1
DA:11,129
DA:12,129
DA:13,129
DA:14,1
DA:15,22
DA:16,22
DA:17,1
DA:18,1
DA:19,21
DA:20,22
DA:21,1
DA:22,1
DA:23,20
DA:24,22
DA:25,3
DA:26,3
DA:27,3
DA:28,20
DA:29,20
DA:30,20
DA:31,1
DA:32,1075
DA:33,1075
DA:34,1
DA:35,1
DA:36,1074
DA:37,1075
DA:38,1
DA:39,1
DA:40,1073
DA:41,1073
DA:42,1073
DA:43,1075
DA:44,234
DA:45,234
DA:46,1073
DA:47,1075
DA:48,7
DA:49,7
DA:50,7
DA:51,1073
DA:52,1073
DA:53,1073
DA:54,1
DA:55,1
DA:56,1
LF:56
LH:56
BRDA:1,0,0,1
BRDA:6,1,0,129
BRDA:11,2,0,129
BRDA:15,3,0,22
BRDA:16,4,0,21
BRDA:16,5,0,1
BRDA:18,6,0,21
BRDA:20,7,0,1
BRDA:22,8,0,20
BRDA:24,9,0,3
BRDA:27,10,0,20
BRDA:32,11,0,1075
BRDA:33,12,0,1
BRDA:35,13,0,1074
BRDA:37,14,0,1
BRDA:39,15,0,1073
BRDA:43,16,0,234
BRDA:45,17,0,1073
BRDA:47,18,0,7
BRDA:50,19,0,1073
BRDA:55,20,0,1
BRDA:55,21,0,1
BRF:22
BRH:22
end_of_record
TN:
SF:src\pages\ChipLibrary.svelte
FN:13,loadChips
FN:28,filterChips
FN:60,window.onscroll
FNF:3
FNH:2
FNDA:2,loadChips
FNDA:1,filterChips
FNDA:0,window.onscroll
DA:1,2
DA:9,1
DA:10,1
DA:11,1
DA:13,1
DA:14,2
DA:15,2
DA:16,2
DA:17,1
DA:18,1
DA:19,1
DA:20,1
DA:21,1
DA:22,2
DA:23,1
DA:24,1
DA:25,1
DA:26,2
DA:28,1
DA:29,1
DA:31,1
DA:32,0
DA:33,0
DA:34,0
DA:35,0
DA:36,0
DA:37,0
DA:38,0
DA:39,0
DA:40,0
DA:41,0
DA:42,0
DA:44,0
DA:46,0
DA:47,0
DA:48,0
DA:49,0
DA:51,0
DA:52,0
DA:53,0
DA:54,0
DA:55,0
DA:56,0
DA:57,1
DA:59,1
DA:60,2
DA:61,0
DA:62,0
DA:63,0
DA:64,0
DA:65,0
DA:66,2
DA:68,2
DA:69,1
DA:73,1
DA:74,1
DA:75,1
DA:76,1
LF:58
LH:31
BRDA:1,0,0,2
BRDA:1,1,0,2
BRDA:13,2,0,2
BRDA:16,3,0,1
BRDA:22,4,0,1
BRDA:28,5,0,1
BRDA:31,6,0,0
BRDA:59,7,0,2
BRDA:75,8,0,1
BRDA:76,9,0,10
BRDA:76,10,0,10
BRDA:76,11,0,10
BRDA:73,12,0,1
BRF:13
BRH:12
end_of_record
TN:
SF:src\pages\NaviEditor.svelte
FN:17,readNaviData
FN:31,writeNaviData
FN:55,openNaviFile
FN:68,saveNaviFile
FNF:4
FNH:4
FNDA:2,readNaviData
FNDA:2,writeNaviData
FNDA:3,openNaviFile
FNDA:3,saveNaviFile
DA:1,1
DA:14,1
DA:15,1
DA:17,1
DA:18,2
DA:20,2
DA:21,2
DA:22,1
DA:23,1
DA:24,1
DA:25,1
DA:26,1
DA:28,2
DA:29,2
DA:31,1
DA:32,2
DA:33,2
DA:35,2
DA:36,2
DA:37,2
DA:38,9
DA:39,9
DA:40,9
DA:42,9
DA:43,8
DA:44,1
DA:46,1
DA:48,1
DA:49,1
DA:50,1
DA:52,2
DA:53,2
DA:55,1
DA:56,3
DA:57,3
DA:58,2
DA:59,2
DA:60,2
DA:61,2
DA:62,3
DA:63,1
DA:64,1
DA:66,3
DA:68,1
DA:69,3
DA:70,3
DA:71,1
DA:72,1
DA:73,1
DA:74,3
DA:75,2
DA:76,2
DA:77,3
DA:82,1
DA:83,1
DA:84,1
DA:85,1
DA:86,1
DA:87,1
DA:93,1
DA:97,1
DA:100,1
DA:103,1
DA:104,1
DA:107,1
DA:108,1
DA:111,1
DA:112,1
DA:115,1
DA:116,1
DA:117,1
DA:118,1
LF:72
LH:72
BRDA:17,0,0,2
BRDA:21,1,0,1
BRDA:31,2,0,2
BRDA:37,3,0,9
BRDA:42,4,0,8
BRDA:43,5,0,1
BRDA:55,6,0,3
BRDA:57,7,0,2
BRDA:62,8,0,1
BRDA:68,9,0,3
BRDA:70,10,0,1
BRDA:74,11,0,2
BRDA:97,12,0,4
BRDA:97,13,0,4
BRDA:97,14,0,4
BRDA:100,15,0,4
BRDA:100,16,0,4
BRDA:100,17,0,4
BRDA:103,18,0,4
BRDA:103,19,0,4
BRDA:103,20,0,4
BRDA:104,21,0,4
BRDA:104,22,0,4
BRDA:104,23,0,4
BRDA:107,24,0,4
BRDA:107,25,0,4
BRDA:107,26,0,4
BRDA:108,27,0,4
BRDA:108,28,0,4
BRDA:108,29,0,4
BRDA:111,30,0,4
BRDA:111,31,0,4
BRDA:111,32,0,4
BRDA:112,33,0,4
BRDA:112,34,0,4
BRDA:112,35,0,4
BRDA:115,36,0,4
BRDA:115,37,0,4
BRDA:115,38,0,4
BRDA:116,39,0,4
BRDA:116,40,0,4
BRDA:116,41,0,4
BRDA:117,42,0,4
BRDA:117,43,0,4
BRDA:117,44,0,4
BRDA:118,45,0,4
BRDA:118,46,0,4
BRDA:118,47,0,4
BRDA:93,48,0,4
BRF:49
BRH:49
end_of_record
